{"C:\\Users\\14226\\Downloads\\Factor-Management-Subsystem\\frontend-vue\\src\\api.js": {"path":"C:\\Users\\14226\\Downloads\\Factor-Management-Subsystem\\frontend-vue\\src\\api.js","statementMap":{"0":{"start":{"line":3,"column":13},"end":{"line":6,"column":2}},"1":{"start":{"line":9,"column":19},"end":{"line":9,"column":58}},"2":{"start":{"line":10,"column":2},"end":{"line":10,"column":18}},"3":{"start":{"line":14,"column":19},"end":{"line":14,"column":69}},"4":{"start":{"line":15,"column":2},"end":{"line":15,"column":18}},"5":{"start":{"line":19,"column":19},"end":{"line":19,"column":49}},"6":{"start":{"line":20,"column":2},"end":{"line":20,"column":18}},"7":{"start":{"line":24,"column":19},"end":{"line":24,"column":88}},"8":{"start":{"line":25,"column":2},"end":{"line":25,"column":18}},"9":{"start":{"line":29,"column":19},"end":{"line":29,"column":56}},"10":{"start":{"line":30,"column":2},"end":{"line":30,"column":18}},"11":{"start":{"line":34,"column":19},"end":{"line":34,"column":63}},"12":{"start":{"line":35,"column":2},"end":{"line":35,"column":18}},"13":{"start":{"line":39,"column":19},"end":{"line":39,"column":62}},"14":{"start":{"line":40,"column":2},"end":{"line":40,"column":18}},"15":{"start":{"line":44,"column":19},"end":{"line":44,"column":68}},"16":{"start":{"line":45,"column":2},"end":{"line":45,"column":18}},"17":{"start":{"line":49,"column":19},"end":{"line":49,"column":53}},"18":{"start":{"line":50,"column":2},"end":{"line":50,"column":18}},"19":{"start":{"line":54,"column":19},"end":{"line":54,"column":71}},"20":{"start":{"line":55,"column":2},"end":{"line":55,"column":18}},"21":{"start":{"line":59,"column":19},"end":{"line":59,"column":51}},"22":{"start":{"line":60,"column":2},"end":{"line":60,"column":18}},"23":{"start":{"line":64,"column":19},"end":{"line":64,"column":69}},"24":{"start":{"line":65,"column":2},"end":{"line":65,"column":18}},"25":{"start":{"line":69,"column":19},"end":{"line":69,"column":63}},"26":{"start":{"line":70,"column":2},"end":{"line":70,"column":18}},"27":{"start":{"line":74,"column":19},"end":{"line":74,"column":61}},"28":{"start":{"line":75,"column":2},"end":{"line":75,"column":18}},"29":{"start":{"line":80,"column":19},"end":{"line":80,"column":68}},"30":{"start":{"line":81,"column":2},"end":{"line":81,"column":18}},"31":{"start":{"line":85,"column":19},"end":{"line":85,"column":62}},"32":{"start":{"line":86,"column":2},"end":{"line":86,"column":18}},"33":{"start":{"line":90,"column":19},"end":{"line":90,"column":77}},"34":{"start":{"line":91,"column":2},"end":{"line":91,"column":18}},"35":{"start":{"line":96,"column":19},"end":{"line":96,"column":66}},"36":{"start":{"line":97,"column":2},"end":{"line":97,"column":18}},"37":{"start":{"line":101,"column":19},"end":{"line":101,"column":60}},"38":{"start":{"line":102,"column":2},"end":{"line":102,"column":18}},"39":{"start":{"line":107,"column":19},"end":{"line":107,"column":78}},"40":{"start":{"line":108,"column":2},"end":{"line":108,"column":18}},"41":{"start":{"line":112,"column":19},"end":{"line":112,"column":78}},"42":{"start":{"line":113,"column":2},"end":{"line":113,"column":18}}},"fnMap":{"0":{"name":"login","decl":{"start":{"line":8,"column":22},"end":{"line":8,"column":27}},"loc":{"start":{"line":8,"column":37},"end":{"line":11,"column":1}},"line":8},"1":{"name":"getDashboard","decl":{"start":{"line":13,"column":22},"end":{"line":13,"column":34}},"loc":{"start":{"line":13,"column":41},"end":{"line":16,"column":1}},"line":13},"2":{"name":"getRoles","decl":{"start":{"line":18,"column":22},"end":{"line":18,"column":30}},"loc":{"start":{"line":18,"column":33},"end":{"line":21,"column":1}},"line":18},"3":{"name":"getTraderAccounts","decl":{"start":{"line":23,"column":22},"end":{"line":23,"column":39}},"loc":{"start":{"line":23,"column":50},"end":{"line":26,"column":1}},"line":23},"4":{"name":"getFactorCategories","decl":{"start":{"line":28,"column":22},"end":{"line":28,"column":41}},"loc":{"start":{"line":28,"column":44},"end":{"line":31,"column":1}},"line":28},"5":{"name":"getFunds","decl":{"start":{"line":33,"column":22},"end":{"line":33,"column":30}},"loc":{"start":{"line":33,"column":39},"end":{"line":36,"column":1}},"line":33},"6":{"name":"getBaseFactors","decl":{"start":{"line":38,"column":22},"end":{"line":38,"column":36}},"loc":{"start":{"line":38,"column":45},"end":{"line":41,"column":1}},"line":38},"7":{"name":"getBaseFactorValues","decl":{"start":{"line":43,"column":22},"end":{"line":43,"column":41}},"loc":{"start":{"line":43,"column":50},"end":{"line":46,"column":1}},"line":43},"8":{"name":"getDerivativeFactors","decl":{"start":{"line":48,"column":22},"end":{"line":48,"column":42}},"loc":{"start":{"line":48,"column":45},"end":{"line":51,"column":1}},"line":48},"9":{"name":"getDerivativeFactorValues","decl":{"start":{"line":53,"column":22},"end":{"line":53,"column":47}},"loc":{"start":{"line":53,"column":56},"end":{"line":56,"column":1}},"line":53},"10":{"name":"getStyleFactors","decl":{"start":{"line":58,"column":22},"end":{"line":58,"column":37}},"loc":{"start":{"line":58,"column":40},"end":{"line":61,"column":1}},"line":58},"11":{"name":"getStyleFactorValues","decl":{"start":{"line":63,"column":22},"end":{"line":63,"column":42}},"loc":{"start":{"line":63,"column":51},"end":{"line":66,"column":1}},"line":63},"12":{"name":"createDerivativeFactor","decl":{"start":{"line":68,"column":22},"end":{"line":68,"column":44}},"loc":{"start":{"line":68,"column":54},"end":{"line":71,"column":1}},"line":68},"13":{"name":"createStyleFactor","decl":{"start":{"line":73,"column":22},"end":{"line":73,"column":39}},"loc":{"start":{"line":73,"column":49},"end":{"line":76,"column":1}},"line":73},"14":{"name":"updateDerivativeFactor","decl":{"start":{"line":79,"column":22},"end":{"line":79,"column":44}},"loc":{"start":{"line":79,"column":58},"end":{"line":82,"column":1}},"line":79},"15":{"name":"deleteDerivativeFactor","decl":{"start":{"line":84,"column":22},"end":{"line":84,"column":44}},"loc":{"start":{"line":84,"column":49},"end":{"line":87,"column":1}},"line":84},"16":{"name":"pinDerivativeFactor","decl":{"start":{"line":89,"column":22},"end":{"line":89,"column":41}},"loc":{"start":{"line":89,"column":54},"end":{"line":92,"column":1}},"line":89},"17":{"name":"updateStyleFactor","decl":{"start":{"line":95,"column":22},"end":{"line":95,"column":39}},"loc":{"start":{"line":95,"column":53},"end":{"line":98,"column":1}},"line":95},"18":{"name":"deleteStyleFactor","decl":{"start":{"line":100,"column":22},"end":{"line":100,"column":39}},"loc":{"start":{"line":100,"column":44},"end":{"line":103,"column":1}},"line":100},"19":{"name":"getFactorPerformance","decl":{"start":{"line":106,"column":22},"end":{"line":106,"column":42}},"loc":{"start":{"line":106,"column":51},"end":{"line":109,"column":1}},"line":106},"20":{"name":"getFactorCorrelation","decl":{"start":{"line":111,"column":22},"end":{"line":111,"column":42}},"loc":{"start":{"line":111,"column":51},"end":{"line":114,"column":1}},"line":111}},"branchMap":{},"s":{"0":3,"1":0,"2":0,"3":0,"4":0,"5":0,"6":0,"7":0,"8":0,"9":0,"10":0,"11":0,"12":0,"13":0,"14":0,"15":0,"16":0,"17":0,"18":0,"19":0,"20":0,"21":0,"22":0,"23":0,"24":0,"25":0,"26":0,"27":0,"28":0,"29":0,"30":0,"31":0,"32":0,"33":0,"34":0,"35":0,"36":0,"37":0,"38":0,"39":0,"40":0,"41":0,"42":0},"f":{"0":0,"1":0,"2":0,"3":0,"4":0,"5":0,"6":0,"7":0,"8":0,"9":0,"10":0,"11":0,"12":0,"13":0,"14":0,"15":0,"16":0,"17":0,"18":0,"19":0,"20":0},"b":{},"meta":{"lastBranch":0,"lastFunction":21,"lastStatement":43,"seen":{"s:3:13:6:2":0,"f:8:22:8:27":0,"s:9:19:9:58":1,"s:10:2:10:18":2,"f:13:22:13:34":1,"s:14:19:14:69":3,"s:15:2:15:18":4,"f:18:22:18:30":2,"s:19:19:19:49":5,"s:20:2:20:18":6,"f:23:22:23:39":3,"s:24:19:24:88":7,"s:25:2:25:18":8,"f:28:22:28:41":4,"s:29:19:29:56":9,"s:30:2:30:18":10,"f:33:22:33:30":5,"s:34:19:34:63":11,"s:35:2:35:18":12,"f:38:22:38:36":6,"s:39:19:39:62":13,"s:40:2:40:18":14,"f:43:22:43:41":7,"s:44:19:44:68":15,"s:45:2:45:18":16,"f:48:22:48:42":8,"s:49:19:49:53":17,"s:50:2:50:18":18,"f:53:22:53:47":9,"s:54:19:54:71":19,"s:55:2:55:18":20,"f:58:22:58:37":10,"s:59:19:59:51":21,"s:60:2:60:18":22,"f:63:22:63:42":11,"s:64:19:64:69":23,"s:65:2:65:18":24,"f:68:22:68:44":12,"s:69:19:69:63":25,"s:70:2:70:18":26,"f:73:22:73:39":13,"s:74:19:74:61":27,"s:75:2:75:18":28,"f:79:22:79:44":14,"s:80:19:80:68":29,"s:81:2:81:18":30,"f:84:22:84:44":15,"s:85:19:85:62":31,"s:86:2:86:18":32,"f:89:22:89:41":16,"s:90:19:90:77":33,"s:91:2:91:18":34,"f:95:22:95:39":17,"s:96:19:96:66":35,"s:97:2:97:18":36,"f:100:22:100:39":18,"s:101:19:101:60":37,"s:102:2:102:18":38,"f:106:22:106:42":19,"s:107:19:107:78":39,"s:108:2:108:18":40,"f:111:22:111:42":20,"s:112:19:112:78":41,"s:113:2:113:18":42},"fnNames":{}}}
,"C:\\Users\\14226\\Downloads\\Factor-Management-Subsystem\\frontend-vue\\src\\pages\\DerivativeFactorPage.vue": {"path":"C:\\Users\\14226\\Downloads\\Factor-Management-Subsystem\\frontend-vue\\src\\pages\\DerivativeFactorPage.vue","statementMap":{"0":{"start":{"line":112,"column":15},"end":{"line":112,"column":26}},"1":{"start":{"line":113,"column":15},"end":{"line":113,"column":23}},"2":{"start":{"line":114,"column":22},"end":{"line":114,"column":30}},"3":{"start":{"line":115,"column":20},"end":{"line":115,"column":30}},"4":{"start":{"line":118,"column":24},"end":{"line":118,"column":111}},"5":{"start":{"line":119,"column":18},"end":{"line":119,"column":111}},"6":{"start":{"line":120,"column":18},"end":{"line":120,"column":48}},"7":{"start":{"line":122,"column":14},"end":{"line":127,"column":2}},"8":{"start":{"line":129,"column":17},"end":{"line":129,"column":98}},"9":{"start":{"line":129,"column":33},"end":{"line":129,"column":97}},"10":{"start":{"line":129,"column":68},"end":{"line":129,"column":93}},"11":{"start":{"line":133,"column":2},"end":{"line":133,"column":58}},"12":{"start":{"line":137,"column":2},"end":{"line":137,"column":22}},"13":{"start":{"line":138,"column":2},"end":{"line":148,"column":3}},"14":{"start":{"line":139,"column":20},"end":{"line":142,"column":6}},"15":{"start":{"line":140,"column":41},"end":{"line":140,"column":43}},"16":{"start":{"line":141,"column":36},"end":{"line":141,"column":49}},"17":{"start":{"line":143,"column":4},"end":{"line":143,"column":45}},"18":{"start":{"line":144,"column":18},"end":{"line":144,"column":39}},"19":{"start":{"line":145,"column":4},"end":{"line":145,"column":101}},"20":{"start":{"line":145,"column":46},"end":{"line":145,"column":99}},"21":{"start":{"line":147,"column":4},"end":{"line":147,"column":25}},"22":{"start":{"line":152,"column":2},"end":{"line":152,"column":23}},"23":{"start":{"line":153,"column":2},"end":{"line":153,"column":23}},"24":{"start":{"line":154,"column":2},"end":{"line":154,"column":68}},"25":{"start":{"line":155,"column":2},"end":{"line":155,"column":29}},"26":{"start":{"line":156,"column":2},"end":{"line":156,"column":24}},"27":{"start":{"line":160,"column":2},"end":{"line":160,"column":22}},"28":{"start":{"line":161,"column":2},"end":{"line":161,"column":23}},"29":{"start":{"line":162,"column":2},"end":{"line":167,"column":3}},"30":{"start":{"line":168,"column":2},"end":{"line":168,"column":29}},"31":{"start":{"line":169,"column":2},"end":{"line":169,"column":24}},"32":{"start":{"line":173,"column":2},"end":{"line":177,"column":26}},"33":{"start":{"line":174,"column":4},"end":{"line":174,"column":79}},"34":{"start":{"line":175,"column":4},"end":{"line":175,"column":28}},"35":{"start":{"line":176,"column":4},"end":{"line":176,"column":16}},"36":{"start":{"line":181,"column":0},"end":{"line":186,"column":18}},"37":{"start":{"line":181,"column":12},"end":{"line":181,"column":34}},"38":{"start":{"line":182,"column":2},"end":{"line":185,"column":4}},"39":{"start":{"line":183,"column":17},"end":{"line":183,"column":60}},"40":{"start":{"line":183,"column":48},"end":{"line":183,"column":59}},"41":{"start":{"line":184,"column":4},"end":{"line":184,"column":106}},"42":{"start":{"line":189,"column":2},"end":{"line":189,"column":31}},"43":{"start":{"line":189,"column":25},"end":{"line":189,"column":31}},"44":{"start":{"line":190,"column":2},"end":{"line":190,"column":22}},"45":{"start":{"line":191,"column":2},"end":{"line":213,"column":3}},"46":{"start":{"line":192,"column":20},"end":{"line":198,"column":5}},"47":{"start":{"line":197,"column":41},"end":{"line":197,"column":81}},"48":{"start":{"line":199,"column":4},"end":{"line":205,"column":5}},"49":{"start":{"line":201,"column":21},"end":{"line":201,"column":104}},"50":{"start":{"line":201,"column":45},"end":{"line":201,"column":103}},"51":{"start":{"line":202,"column":6},"end":{"line":202,"column":66}},"52":{"start":{"line":202,"column":18},"end":{"line":202,"column":66}},"53":{"start":{"line":204,"column":6},"end":{"line":204,"column":43}},"54":{"start":{"line":206,"column":4},"end":{"line":206,"column":26}},"55":{"start":{"line":207,"column":4},"end":{"line":207,"column":52}},"56":{"start":{"line":208,"column":4},"end":{"line":208,"column":16}},"57":{"start":{"line":210,"column":4},"end":{"line":210,"column":57}},"58":{"start":{"line":212,"column":4},"end":{"line":212,"column":25}},"59":{"start":{"line":216,"column":0},"end":{"line":216,"column":15}},"60":{"start":{"line":2,"column":11},"end":{"line":2,"column":null}},"61":{"start":{"line":3,"column":9},"end":{"line":3,"column":null}},"62":{"start":{"line":13,"column":16},"end":{"line":13,"column":96}},"63":{"start":{"line":45,"column":15},"end":{"line":45,"column":null}},"64":{"start":{"line":46,"column":17},"end":{"line":46,"column":null}},"65":{"start":{"line":50,"column":17},"end":{"line":50,"column":null}},"66":{"start":{"line":54,"column":17},"end":{"line":54,"column":null}},"67":{"start":{"line":82,"column":15},"end":{"line":82,"column":68}},"68":{"start":{"line":2,"column":2},"end":{"line":89,"column":96}},"69":{"start":{"line":5,"column":60},"end":{"line":5,"column":72}},"70":{"start":{"line":9,"column":59},"end":{"line":28,"column":95}},"71":{"start":{"line":12,"column":33},"end":{"line":13,"column":124}},"72":{"start":{"line":18,"column":33},"end":{"line":18,"column":74}},"73":{"start":{"line":21,"column":33},"end":{"line":22,"column":103}},"74":{"start":{"line":22,"column":103},"end":{"line":22,"column":103}},"75":{"start":{"line":26,"column":33},"end":{"line":28,"column":95}},"76":{"start":{"line":27,"column":42},"end":{"line":27,"column":57}},"77":{"start":{"line":27,"column":59},"end":{"line":27,"column":71}},"78":{"start":{"line":28,"column":62},"end":{"line":28,"column":81}},"79":{"start":{"line":28,"column":83},"end":{"line":28,"column":95}},"80":{"start":{"line":34,"column":24},"end":{"line":34,"column":41}},"81":{"start":{"line":95,"column":65},"end":{"line":97,"column":43}},"82":{"start":{"line":95,"column":27},"end":{"line":95,"column":51}},"83":{"start":{"line":95,"column":53},"end":{"line":95,"column":65}},"84":{"start":{"line":97,"column":43},"end":{"line":97,"column":43}},"85":{"start":{"line":92,"column":16},"end":{"line":89,"column":96}},"86":{"start":{"line":38,"column":23},"end":{"line":89,"column":96}},"87":{"start":{"line":37,"column":72},"end":{"line":37,"column":72}},"88":{"start":{"line":37,"column":29},"end":{"line":37,"column":47}},"89":{"start":{"line":40,"column":101},"end":{"line":40,"column":101}},"90":{"start":{"line":40,"column":29},"end":{"line":40,"column":47}},"91":{"start":{"line":70,"column":16},"end":{"line":69,"column":18}},"92":{"start":{"line":48,"column":14},"end":{"line":48,"column":124}},"93":{"start":{"line":48,"column":102},"end":{"line":48,"column":117}},"94":{"start":{"line":48,"column":124},"end":{"line":48,"column":124}},"95":{"start":{"line":52,"column":14},"end":{"line":52,"column":122}},"96":{"start":{"line":52,"column":98},"end":{"line":52,"column":114}},"97":{"start":{"line":52,"column":122},"end":{"line":52,"column":122}},"98":{"start":{"line":56,"column":14},"end":{"line":56,"column":122}},"99":{"start":{"line":56,"column":98},"end":{"line":56,"column":114}},"100":{"start":{"line":56,"column":122},"end":{"line":56,"column":122}},"101":{"start":{"line":57,"column":64},"end":{"line":57,"column":81}},"102":{"start":{"line":57,"column":82},"end":{"line":57,"column":91}},"103":{"start":{"line":60,"column":23},"end":{"line":60,"column":null}},"104":{"start":{"line":81,"column":21},"end":{"line":83,"column":null}},"105":{"start":{"line":75,"column":56},"end":{"line":78,"column":99}},"106":{"start":{"line":77,"column":39},"end":{"line":78,"column":99}},"107":{"start":{"line":78,"column":42},"end":{"line":78,"column":55}},"108":{"start":{"line":90,"column":22},"end":{"line":89,"column":96}},"109":{"start":{"line":88,"column":30},"end":{"line":88,"column":54}},"110":{"start":{"line":89,"column":50},"end":{"line":89,"column":96}},"111":{"start":{"line":89,"column":12},"end":{"line":89,"column":96}}},"fnMap":{"0":{"name":"(anonymous_0)","decl":{"start":{"line":129,"column":27},"end":{"line":129,"column":28}},"loc":{"start":{"line":129,"column":33},"end":{"line":129,"column":97}},"line":129},"1":{"name":"(anonymous_1)","decl":{"start":{"line":129,"column":58},"end":{"line":129,"column":59}},"loc":{"start":{"line":129,"column":68},"end":{"line":129,"column":93}},"line":129},"2":{"name":"insertText","decl":{"start":{"line":132,"column":9},"end":{"line":132,"column":19}},"loc":{"start":{"line":132,"column":26},"end":{"line":134,"column":1}},"line":132},"3":{"name":"load","decl":{"start":{"line":136,"column":15},"end":{"line":136,"column":19}},"loc":{"start":{"line":136,"column":22},"end":{"line":149,"column":1}},"line":136},"4":{"name":"(anonymous_4)","decl":{"start":{"line":140,"column":35},"end":{"line":140,"column":36}},"loc":{"start":{"line":140,"column":41},"end":{"line":140,"column":43}},"line":140},"5":{"name":"(anonymous_5)","decl":{"start":{"line":141,"column":29},"end":{"line":141,"column":30}},"loc":{"start":{"line":141,"column":36},"end":{"line":141,"column":49}},"line":141},"6":{"name":"(anonymous_6)","decl":{"start":{"line":145,"column":37},"end":{"line":145,"column":41}},"loc":{"start":{"line":145,"column":46},"end":{"line":145,"column":99}},"line":145},"7":{"name":"openCreate","decl":{"start":{"line":151,"column":9},"end":{"line":151,"column":19}},"loc":{"start":{"line":151,"column":22},"end":{"line":157,"column":1}},"line":151},"8":{"name":"openEdit","decl":{"start":{"line":159,"column":9},"end":{"line":159,"column":17}},"loc":{"start":{"line":159,"column":23},"end":{"line":170,"column":1}},"line":159},"9":{"name":"handleDelete","decl":{"start":{"line":172,"column":15},"end":{"line":172,"column":27}},"loc":{"start":{"line":172,"column":33},"end":{"line":178,"column":1}},"line":172},"10":{"name":"(anonymous_10)","decl":{"start":{"line":181,"column":6},"end":{"line":181,"column":7}},"loc":{"start":{"line":181,"column":12},"end":{"line":181,"column":34}},"line":181},"11":{"name":"(anonymous_11)","decl":{"start":{"line":181,"column":36},"end":{"line":181,"column":37}},"loc":{"start":{"line":181,"column":45},"end":{"line":186,"column":1}},"line":181},"12":{"name":"(anonymous_12)","decl":{"start":{"line":182,"column":30},"end":{"line":182,"column":32}},"loc":{"start":{"line":182,"column":36},"end":{"line":185,"column":3}},"line":182},"13":{"name":"(anonymous_13)","decl":{"start":{"line":183,"column":43},"end":{"line":183,"column":44}},"loc":{"start":{"line":183,"column":48},"end":{"line":183,"column":59}},"line":183},"14":{"name":"submitDialog","decl":{"start":{"line":188,"column":15},"end":{"line":188,"column":27}},"loc":{"start":{"line":188,"column":30},"end":{"line":214,"column":1}},"line":188},"15":{"name":"(anonymous_15)","decl":{"start":{"line":197,"column":35},"end":{"line":197,"column":36}},"loc":{"start":{"line":197,"column":41},"end":{"line":197,"column":81}},"line":197},"16":{"name":"(anonymous_16)","decl":{"start":{"line":201,"column":40},"end":{"line":201,"column":41}},"loc":{"start":{"line":201,"column":45},"end":{"line":201,"column":103}},"line":201},"17":{"name":"(anonymous_17)","decl":{"start":{"line":5,"column":52},"end":{"line":5,"column":60}},"loc":{"start":{"line":5,"column":60},"end":{"line":5,"column":72}},"line":5},"18":{"name":"(anonymous_18)","decl":{"start":{"line":9,"column":6},"end":{"line":9,"column":23}},"loc":{"start":{"line":9,"column":59},"end":{"line":28,"column":95}},"line":9},"19":{"name":"(anonymous_19)","decl":{"start":{"line":13,"column":10},"end":{"line":13,"column":16}},"loc":{"start":{"line":12,"column":33},"end":{"line":13,"column":124}},"line":12},"20":{"name":"(anonymous_20)","decl":{"start":{"line":18,"column":37},"end":{"line":18,"column":40}},"loc":{"start":{"line":18,"column":33},"end":{"line":18,"column":74}},"line":18},"21":{"name":"(anonymous_21)","decl":{"start":{"line":22,"column":10},"end":{"line":22,"column":19}},"loc":{"start":{"line":21,"column":33},"end":{"line":22,"column":103}},"line":21},"22":{"name":"(anonymous_22)","decl":{"start":{"line":22,"column":72},"end":{"line":22,"column":75}},"loc":{"start":{"line":22,"column":103},"end":{"line":22,"column":103}},"line":22},"23":{"name":"(anonymous_23)","decl":{"start":{"line":27,"column":10},"end":{"line":27,"column":21}},"loc":{"start":{"line":26,"column":33},"end":{"line":28,"column":95}},"line":26},"24":{"name":"(anonymous_24)","decl":{"start":{"line":27,"column":40},"end":{"line":27,"column":42}},"loc":{"start":{"line":27,"column":42},"end":{"line":27,"column":57}},"line":27},"25":{"name":"(anonymous_25)","decl":{"start":{"line":27,"column":57},"end":{"line":27,"column":59}},"loc":{"start":{"line":27,"column":59},"end":{"line":27,"column":71}},"line":27},"26":{"name":"(anonymous_26)","decl":{"start":{"line":28,"column":60},"end":{"line":28,"column":62}},"loc":{"start":{"line":28,"column":62},"end":{"line":28,"column":81}},"line":28},"27":{"name":"(anonymous_27)","decl":{"start":{"line":28,"column":81},"end":{"line":28,"column":83}},"loc":{"start":{"line":28,"column":83},"end":{"line":28,"column":95}},"line":28},"28":{"name":"(anonymous_28)","decl":{"start":{"line":34,"column":24},"end":{"line":34,"column":30}},"loc":{"start":{"line":34,"column":24},"end":{"line":34,"column":41}},"line":34},"29":{"name":"(anonymous_29)","decl":{"start":{"line":95,"column":8},"end":{"line":95,"column":20}},"loc":{"start":{"line":95,"column":65},"end":{"line":97,"column":43}},"line":95},"30":{"name":"(anonymous_30)","decl":{"start":{"line":95,"column":25},"end":{"line":95,"column":27}},"loc":{"start":{"line":95,"column":27},"end":{"line":95,"column":51}},"line":95},"31":{"name":"(anonymous_31)","decl":{"start":{"line":95,"column":51},"end":{"line":95,"column":53}},"loc":{"start":{"line":95,"column":53},"end":{"line":95,"column":65}},"line":95},"32":{"name":"(anonymous_32)","decl":{"start":{"line":97,"column":10},"end":{"line":97,"column":13}},"loc":{"start":{"line":97,"column":43},"end":{"line":97,"column":43}},"line":97},"33":{"name":"(anonymous_33)","decl":{"start":{"line":35,"column":6},"end":{"line":35,"column":16}},"loc":{"start":{"line":92,"column":16},"end":{"line":89,"column":96}},"line":92},"34":{"name":"(anonymous_34)","decl":{"start":{"line":36,"column":8},"end":{"line":36,"column":22}},"loc":{"start":{"line":38,"column":23},"end":{"line":89,"column":96}},"line":38},"35":{"name":"(anonymous_35)","decl":{"start":{"line":37,"column":10},"end":{"line":37,"column":29}},"loc":{"start":{"line":37,"column":72},"end":{"line":37,"column":72}},"line":37},"36":{"name":"(anonymous_36)","decl":{"start":{"line":37,"column":29},"end":{"line":37,"column":35}},"loc":{"start":{"line":37,"column":29},"end":{"line":37,"column":47}},"line":37},"37":{"name":"(anonymous_37)","decl":{"start":{"line":40,"column":10},"end":{"line":40,"column":29}},"loc":{"start":{"line":40,"column":101},"end":{"line":40,"column":101}},"line":40},"38":{"name":"(anonymous_38)","decl":{"start":{"line":40,"column":29},"end":{"line":40,"column":35}},"loc":{"start":{"line":40,"column":29},"end":{"line":40,"column":47}},"line":40},"39":{"name":"(anonymous_39)","decl":{"start":{"line":45,"column":10},"end":{"line":45,"column":15}},"loc":{"start":{"line":70,"column":16},"end":{"line":69,"column":18}},"line":70},"40":{"name":"(anonymous_40)","decl":{"start":{"line":48,"column":49},"end":{"line":48,"column":52}},"loc":{"start":{"line":48,"column":30},"end":{"line":48,"column":124}},"line":48},"41":{"name":"(anonymous_41)","decl":{"start":{"line":48,"column":100},"end":{"line":48,"column":102}},"loc":{"start":{"line":48,"column":102},"end":{"line":48,"column":117}},"line":48},"42":{"name":"(anonymous_42)","decl":{"start":{"line":48,"column":117},"end":{"line":48,"column":120}},"loc":{"start":{"line":48,"column":124},"end":{"line":48,"column":124}},"line":48},"43":{"name":"(anonymous_43)","decl":{"start":{"line":52,"column":44},"end":{"line":52,"column":47}},"loc":{"start":{"line":52,"column":31},"end":{"line":52,"column":122}},"line":52},"44":{"name":"(anonymous_44)","decl":{"start":{"line":52,"column":96},"end":{"line":52,"column":98}},"loc":{"start":{"line":52,"column":98},"end":{"line":52,"column":114}},"line":52},"45":{"name":"(anonymous_45)","decl":{"start":{"line":52,"column":114},"end":{"line":52,"column":117}},"loc":{"start":{"line":52,"column":122},"end":{"line":52,"column":122}},"line":52},"46":{"name":"(anonymous_46)","decl":{"start":{"line":56,"column":44},"end":{"line":56,"column":47}},"loc":{"start":{"line":56,"column":31},"end":{"line":56,"column":122}},"line":56},"47":{"name":"(anonymous_47)","decl":{"start":{"line":56,"column":96},"end":{"line":56,"column":98}},"loc":{"start":{"line":56,"column":98},"end":{"line":56,"column":114}},"line":56},"48":{"name":"(anonymous_48)","decl":{"start":{"line":56,"column":114},"end":{"line":56,"column":117}},"loc":{"start":{"line":56,"column":122},"end":{"line":56,"column":122}},"line":56},"49":{"name":"(anonymous_49)","decl":{"start":{"line":57,"column":62},"end":{"line":57,"column":64}},"loc":{"start":{"line":57,"column":64},"end":{"line":57,"column":81}},"line":57},"50":{"name":"(anonymous_50)","decl":{"start":{"line":57,"column":81},"end":{"line":57,"column":82}},"loc":{"start":{"line":57,"column":82},"end":{"line":57,"column":91}},"line":57},"51":{"name":"(anonymous_51)","decl":{"start":{"line":60,"column":23},"end":{"line":60,"column":29}},"loc":{"start":{"line":60,"column":23},"end":{"line":60,"column":null}},"line":60},"52":{"name":"(anonymous_52)","decl":{"start":{"line":74,"column":10},"end":{"line":74,"column":21}},"loc":{"start":{"line":81,"column":21},"end":{"line":83,"column":null}},"line":81},"53":{"name":"(anonymous_53)","decl":{"start":{"line":75,"column":12},"end":{"line":75,"column":29}},"loc":{"start":{"line":75,"column":56},"end":{"line":78,"column":99}},"line":75},"54":{"name":"(anonymous_54)","decl":{"start":{"line":78,"column":16},"end":{"line":78,"column":42}},"loc":{"start":{"line":77,"column":39},"end":{"line":78,"column":99}},"line":77},"55":{"name":"(anonymous_55)","decl":{"start":{"line":78,"column":42},"end":{"line":78,"column":45}},"loc":{"start":{"line":78,"column":42},"end":{"line":78,"column":55}},"line":78},"56":{"name":"(anonymous_56)","decl":{"start":{"line":88,"column":10},"end":{"line":88,"column":30}},"loc":{"start":{"line":90,"column":22},"end":{"line":89,"column":96}},"line":90},"57":{"name":"(anonymous_57)","decl":{"start":{"line":88,"column":30},"end":{"line":88,"column":36}},"loc":{"start":{"line":88,"column":30},"end":{"line":88,"column":54}},"line":88},"58":{"name":"(anonymous_58)","decl":{"start":{"line":89,"column":23},"end":{"line":89,"column":30}},"loc":{"start":{"line":89,"column":50},"end":{"line":89,"column":96}},"line":89},"59":{"name":"(anonymous_59)","decl":{"start":{"line":89,"column":49},"end":{"line":89,"column":50}},"loc":{"start":{"line":89,"column":31},"end":{"line":89,"column":96}},"line":89}},"branchMap":{"0":{"loc":{"start":{"line":129,"column":79},"end":{"line":129,"column":92}},"type":"binary-expr","locations":[{"start":{"line":129,"column":79},"end":{"line":129,"column":87}},{"start":{"line":129,"column":91},"end":{"line":129,"column":92}}],"line":129},"1":{"loc":{"start":{"line":133,"column":25},"end":{"line":133,"column":50}},"type":"binary-expr","locations":[{"start":{"line":133,"column":25},"end":{"line":133,"column":44}},{"start":{"line":133,"column":48},"end":{"line":133,"column":50}}],"line":133},"2":{"loc":{"start":{"line":143,"column":20},"end":{"line":143,"column":45}},"type":"cond-expr","locations":[{"start":{"line":143,"column":39},"end":{"line":143,"column":40}},{"start":{"line":143,"column":43},"end":{"line":143,"column":45}}],"line":143},"3":{"loc":{"start":{"line":144,"column":18},"end":{"line":144,"column":39}},"type":"binary-expr","locations":[{"start":{"line":144,"column":18},"end":{"line":144,"column":27}},{"start":{"line":144,"column":31},"end":{"line":144,"column":33}},{"start":{"line":144,"column":37},"end":{"line":144,"column":39}}],"line":144},"4":{"loc":{"start":{"line":163,"column":10},"end":{"line":163,"column":24}},"type":"binary-expr","locations":[{"start":{"line":163,"column":10},"end":{"line":163,"column":18}},{"start":{"line":163,"column":22},"end":{"line":163,"column":24}}],"line":163},"5":{"loc":{"start":{"line":164,"column":10},"end":{"line":164,"column":24}},"type":"binary-expr","locations":[{"start":{"line":164,"column":10},"end":{"line":164,"column":18}},{"start":{"line":164,"column":22},"end":{"line":164,"column":24}}],"line":164},"6":{"loc":{"start":{"line":165,"column":17},"end":{"line":165,"column":38}},"type":"binary-expr","locations":[{"start":{"line":165,"column":17},"end":{"line":165,"column":32}},{"start":{"line":165,"column":36},"end":{"line":165,"column":38}}],"line":165},"7":{"loc":{"start":{"line":166,"column":13},"end":{"line":166,"column":30}},"type":"binary-expr","locations":[{"start":{"line":166,"column":13},"end":{"line":166,"column":24}},{"start":{"line":166,"column":28},"end":{"line":166,"column":30}}],"line":166},"8":{"loc":{"start":{"line":184,"column":23},"end":{"line":184,"column":40}},"type":"binary-expr","locations":[{"start":{"line":184,"column":23},"end":{"line":184,"column":34}},{"start":{"line":184,"column":38},"end":{"line":184,"column":40}}],"line":184},"9":{"loc":{"start":{"line":184,"column":50},"end":{"line":184,"column":104}},"type":"cond-expr","locations":[{"start":{"line":184,"column":63},"end":{"line":184,"column":100}},{"start":{"line":184,"column":103},"end":{"line":184,"column":104}}],"line":184},"10":{"loc":{"start":{"line":189,"column":2},"end":{"line":189,"column":31}},"type":"if","locations":[{"start":{"line":189,"column":2},"end":{"line":189,"column":31}},{"start":{},"end":{}}],"line":189},"11":{"loc":{"start":{"line":194,"column":12},"end":{"line":194,"column":83}},"type":"binary-expr","locations":[{"start":{"line":194,"column":12},"end":{"line":194,"column":28}},{"start":{"line":194,"column":32},"end":{"line":194,"column":83}}],"line":194},"12":{"loc":{"start":{"line":195,"column":19},"end":{"line":195,"column":103}},"type":"binary-expr","locations":[{"start":{"line":195,"column":19},"end":{"line":195,"column":42}},{"start":{"line":195,"column":47},"end":{"line":195,"column":102}}],"line":195},"13":{"loc":{"start":{"line":195,"column":47},"end":{"line":195,"column":102}},"type":"cond-expr","locations":[{"start":{"line":195,"column":69},"end":{"line":195,"column":97}},{"start":{"line":195,"column":100},"end":{"line":195,"column":102}}],"line":195},"14":{"loc":{"start":{"line":196,"column":15},"end":{"line":196,"column":42}},"type":"binary-expr","locations":[{"start":{"line":196,"column":15},"end":{"line":196,"column":34}},{"start":{"line":196,"column":38},"end":{"line":196,"column":42}}],"line":196},"15":{"loc":{"start":{"line":199,"column":4},"end":{"line":205,"column":5}},"type":"if","locations":[{"start":{"line":199,"column":4},"end":{"line":205,"column":5}},{"start":{"line":203,"column":11},"end":{"line":205,"column":5}}],"line":199},"16":{"loc":{"start":{"line":201,"column":45},"end":{"line":201,"column":103}},"type":"binary-expr","locations":[{"start":{"line":201,"column":45},"end":{"line":201,"column":72}},{"start":{"line":201,"column":76},"end":{"line":201,"column":103}}],"line":201},"17":{"loc":{"start":{"line":202,"column":6},"end":{"line":202,"column":66}},"type":"if","locations":[{"start":{"line":202,"column":6},"end":{"line":202,"column":66}},{"start":{},"end":{}}],"line":202},"18":{"loc":{"start":{"line":207,"column":22},"end":{"line":207,"column":51}},"type":"cond-expr","locations":[{"start":{"line":207,"column":38},"end":{"line":207,"column":43}},{"start":{"line":207,"column":46},"end":{"line":207,"column":51}}],"line":207},"19":{"loc":{"start":{"line":210,"column":20},"end":{"line":210,"column":56}},"type":"binary-expr","locations":[{"start":{"line":210,"column":20},"end":{"line":210,"column":46}},{"start":{"line":210,"column":50},"end":{"line":210,"column":56}}],"line":210},"20":{"loc":{"start":{"line":4,"column":6},"end":{"line":4,"column":21}},"type":"binary-expr","locations":[{"start":{"line":4,"column":6},"end":{"line":4,"column":10}},{"start":{"line":4,"column":6},"end":{"line":4,"column":21}}],"line":4},"21":{"loc":{"start":{"line":5,"column":60},"end":{"line":5,"column":72}},"type":"binary-expr","locations":[{"start":{"line":5,"column":60},"end":{"line":5,"column":72}},{"start":{"line":5,"column":60},"end":{"line":5,"column":72}}],"line":5},"22":{"loc":{"start":{"line":13,"column":96},"end":{"line":13,"column":124}},"type":"binary-expr","locations":[{"start":{"line":13,"column":96},"end":{"line":13,"column":107}},{"start":{"line":13,"column":107},"end":{"line":13,"column":124}}],"line":13},"23":{"loc":{"start":{"line":22,"column":25},"end":{"line":22,"column":59}},"type":"cond-expr","locations":[{"start":{"line":22,"column":36},"end":{"line":22,"column":59}},{"start":{"line":22,"column":36},"end":{"line":22,"column":59}}],"line":22},"24":{"loc":{"start":{"line":22,"column":75},"end":{"line":22,"column":103}},"type":"cond-expr","locations":[{"start":{"line":22,"column":86},"end":{"line":22,"column":103}},{"start":{"line":22,"column":86},"end":{"line":22,"column":103}}],"line":22},"25":{"loc":{"start":{"line":27,"column":59},"end":{"line":27,"column":71}},"type":"binary-expr","locations":[{"start":{"line":27,"column":59},"end":{"line":27,"column":71}},{"start":{"line":27,"column":59},"end":{"line":27,"column":71}}],"line":27},"26":{"loc":{"start":{"line":28,"column":83},"end":{"line":28,"column":95}},"type":"binary-expr","locations":[{"start":{"line":28,"column":83},"end":{"line":28,"column":95}},{"start":{"line":28,"column":83},"end":{"line":28,"column":95}}],"line":28},"27":{"loc":{"start":{"line":34,"column":24},"end":{"line":34,"column":41}},"type":"binary-expr","locations":[{"start":{"line":34,"column":24},"end":{"line":34,"column":30}},{"start":{"line":34,"column":24},"end":{"line":34,"column":41}}],"line":34},"28":{"loc":{"start":{"line":34,"column":48},"end":{"line":34,"column":85}},"type":"cond-expr","locations":[{"start":{"line":34,"column":61},"end":{"line":34,"column":85}},{"start":{"line":34,"column":61},"end":{"line":34,"column":85}}],"line":34},"29":{"loc":{"start":{"line":95,"column":25},"end":{"line":95,"column":51}},"type":"binary-expr","locations":[{"start":{"line":95,"column":25},"end":{"line":95,"column":27}},{"start":{"line":95,"column":25},"end":{"line":95,"column":51}}],"line":95},"30":{"loc":{"start":{"line":95,"column":53},"end":{"line":95,"column":65}},"type":"binary-expr","locations":[{"start":{"line":95,"column":53},"end":{"line":95,"column":65}},{"start":{"line":95,"column":53},"end":{"line":95,"column":65}}],"line":95},"31":{"loc":{"start":{"line":97,"column":13},"end":{"line":97,"column":43}},"type":"cond-expr","locations":[{"start":{"line":97,"column":26},"end":{"line":97,"column":43}},{"start":{"line":97,"column":26},"end":{"line":97,"column":43}}],"line":97},"32":{"loc":{"start":{"line":37,"column":29},"end":{"line":37,"column":47}},"type":"binary-expr","locations":[{"start":{"line":37,"column":29},"end":{"line":37,"column":35}},{"start":{"line":37,"column":29},"end":{"line":37,"column":47}}],"line":37},"33":{"loc":{"start":{"line":40,"column":29},"end":{"line":40,"column":47}},"type":"binary-expr","locations":[{"start":{"line":40,"column":29},"end":{"line":40,"column":35}},{"start":{"line":40,"column":29},"end":{"line":40,"column":47}}],"line":40},"34":{"loc":{"start":{"line":47,"column":14},"end":{"line":47,"column":53}},"type":"binary-expr","locations":[{"start":{"line":47,"column":14},"end":{"line":47,"column":20}},{"start":{"line":47,"column":14},"end":{"line":47,"column":53}}],"line":47},"35":{"loc":{"start":{"line":51,"column":14},"end":{"line":51,"column":51}},"type":"binary-expr","locations":[{"start":{"line":51,"column":14},"end":{"line":51,"column":20}},{"start":{"line":51,"column":14},"end":{"line":51,"column":51}}],"line":51},"36":{"loc":{"start":{"line":55,"column":14},"end":{"line":55,"column":52}},"type":"binary-expr","locations":[{"start":{"line":55,"column":14},"end":{"line":55,"column":20}},{"start":{"line":55,"column":14},"end":{"line":55,"column":52}}],"line":55},"37":{"loc":{"start":{"line":57,"column":62},"end":{"line":57,"column":81}},"type":"binary-expr","locations":[{"start":{"line":57,"column":62},"end":{"line":57,"column":64}},{"start":{"line":57,"column":62},"end":{"line":57,"column":81}}],"line":57},"38":{"loc":{"start":{"line":57,"column":82},"end":{"line":57,"column":91}},"type":"binary-expr","locations":[{"start":{"line":57,"column":82},"end":{"line":57,"column":91}},{"start":{"line":57,"column":82},"end":{"line":57,"column":91}}],"line":57},"39":{"loc":{"start":{"line":60,"column":23},"end":{"line":60,"column":null}},"type":"binary-expr","locations":[{"start":{"line":60,"column":23},"end":{"line":60,"column":29}},{"start":{"line":60,"column":23},"end":{"line":60,"column":null}}],"line":60},"40":{"loc":{"start":{"line":66,"column":12},"end":{"line":69,"column":18}},"type":"binary-expr","locations":[{"start":{"line":66,"column":12},"end":{"line":66,"column":17}},{"start":{"line":66,"column":12},"end":{"line":69,"column":18}}],"line":66},"41":{"loc":{"start":{"line":73,"column":41},"end":{"line":83,"column":null}},"type":"cond-expr","locations":[{"start":{"line":73,"column":8},"end":{"line":83,"column":null}}],"line":73},"42":{"loc":{"start":{"line":83,"column":36},"end":{"line":83,"column":null}},"type":"cond-expr","locations":[{"start":{"line":83,"column":45},"end":{"line":83,"column":null}},{"start":{"line":83,"column":45},"end":{"line":83,"column":null}}],"line":83},"43":{"loc":{"start":{"line":88,"column":30},"end":{"line":88,"column":54}},"type":"binary-expr","locations":[{"start":{"line":88,"column":30},"end":{"line":88,"column":36}},{"start":{"line":88,"column":30},"end":{"line":88,"column":54}}],"line":88}},"s":{"0":4,"1":4,"2":4,"3":4,"4":4,"5":4,"6":4,"7":4,"8":4,"9":0,"10":0,"11":0,"12":5,"13":5,"14":5,"15":0,"16":0,"17":5,"18":5,"19":5,"20":0,"21":5,"22":2,"23":2,"24":2,"25":2,"26":2,"27":0,"28":0,"29":0,"30":0,"31":0,"32":0,"33":0,"34":0,"35":0,"36":4,"37":6,"38":2,"39":1,"40":0,"41":1,"42":1,"43":0,"44":1,"45":1,"46":1,"47":1,"48":1,"49":0,"50":0,"51":0,"52":0,"53":1,"54":1,"55":1,"56":1,"57":0,"58":1,"59":4,"60":1,"61":1,"62":1,"63":1,"64":1,"65":1,"66":1,"67":1,"68":16,"69":0,"70":0,"71":0,"72":0,"73":0,"74":0,"75":0,"76":0,"77":0,"78":0,"79":0,"80":0,"81":0,"82":0,"83":0,"84":0,"85":0,"86":0,"87":0,"88":0,"89":0,"90":0,"91":0,"92":0,"93":0,"94":0,"95":0,"96":0,"97":0,"98":0,"99":0,"100":0,"101":0,"102":0,"103":0,"104":0,"105":0,"106":0,"107":0,"108":0,"109":0,"110":0,"111":0},"f":{"0":0,"1":0,"2":0,"3":5,"4":0,"5":0,"6":0,"7":2,"8":0,"9":0,"10":6,"11":2,"12":1,"13":0,"14":1,"15":1,"16":0,"17":0,"18":0,"19":0,"20":0,"21":0,"22":0,"23":0,"24":0,"25":0,"26":0,"27":0,"28":0,"29":0,"30":0,"31":0,"32":0,"33":0,"34":0,"35":0,"36":0,"37":0,"38":0,"39":0,"40":0,"41":0,"42":0,"43":0,"44":0,"45":0,"46":0,"47":0,"48":0,"49":0,"50":0,"51":0,"52":0,"53":0,"54":0,"55":0,"56":0,"57":0,"58":0,"59":0},"b":{"0":[0,0],"1":[0,0],"2":[5,0],"3":[5,0,0],"4":[0,0],"5":[0,0],"6":[0,0],"7":[0,0],"8":[1,1],"9":[1,0],"10":[0,1],"11":[1,0],"12":[1,1],"13":[0,1],"14":[1,1],"15":[0,1],"16":[0,0],"17":[0,0],"18":[0,1],"19":[0,0],"20":[16,4],"21":[0,0],"22":[0,0],"23":[0,0],"24":[0,0],"25":[0,0],"26":[0,0],"27":[16,4],"28":[0,16],"29":[0,0],"30":[0,0],"31":[0,0],"32":[0,0],"33":[0,0],"34":[0,0],"35":[0,0],"36":[0,0],"37":[0,0],"38":[0,0],"39":[0,0],"40":[0,0],"41":[0],"42":[0,0],"43":[0,0]},"meta":{"lastBranch":44,"lastFunction":60,"lastStatement":112,"seen":{"s:112:15:112:26":0,"s:113:15:113:23":1,"s:114:22:114:30":2,"s:115:20:115:30":3,"s:118:24:118:111":4,"s:119:18:119:111":5,"s:120:18:120:48":6,"s:122:14:127:2":7,"s:129:17:129:98":8,"f:129:27:129:28":0,"s:129:33:129:97":9,"f:129:58:129:59":1,"s:129:68:129:93":10,"b:129:79:129:87:129:91:129:92":0,"f:132:9:132:19":2,"s:133:2:133:58":11,"b:133:25:133:44:133:48:133:50":1,"f:136:15:136:19":3,"s:137:2:137:22":12,"s:138:2:148:3":13,"s:139:20:142:6":14,"f:140:35:140:36":4,"s:140:41:140:43":15,"f:141:29:141:30":5,"s:141:36:141:49":16,"s:143:4:143:45":17,"b:143:39:143:40:143:43:143:45":2,"s:144:18:144:39":18,"b:144:18:144:27:144:31:144:33:144:37:144:39":3,"s:145:4:145:101":19,"f:145:37:145:41":6,"s:145:46:145:99":20,"s:147:4:147:25":21,"f:151:9:151:19":7,"s:152:2:152:23":22,"s:153:2:153:23":23,"s:154:2:154:68":24,"s:155:2:155:29":25,"s:156:2:156:24":26,"f:159:9:159:17":8,"s:160:2:160:22":27,"s:161:2:161:23":28,"s:162:2:167:3":29,"b:163:10:163:18:163:22:163:24":4,"b:164:10:164:18:164:22:164:24":5,"b:165:17:165:32:165:36:165:38":6,"b:166:13:166:24:166:28:166:30":7,"s:168:2:168:29":30,"s:169:2:169:24":31,"f:172:15:172:27":9,"s:173:2:177:26":32,"s:174:4:174:79":33,"s:175:4:175:28":34,"s:176:4:176:16":35,"s:181:0:186:18":36,"f:181:6:181:7":10,"s:181:12:181:34":37,"f:181:36:181:37":11,"s:182:2:185:4":38,"f:182:30:182:32":12,"s:183:17:183:60":39,"f:183:43:183:44":13,"s:183:48:183:59":40,"s:184:4:184:106":41,"b:184:23:184:34:184:38:184:40":8,"b:184:63:184:100:184:103:184:104":9,"f:188:15:188:27":14,"b:189:2:189:31:undefined:undefined:undefined:undefined":10,"s:189:2:189:31":42,"s:189:25:189:31":43,"s:190:2:190:22":44,"s:191:2:213:3":45,"s:192:20:198:5":46,"b:194:12:194:28:194:32:194:83":11,"b:195:19:195:42:195:47:195:102":12,"b:195:69:195:97:195:100:195:102":13,"b:196:15:196:34:196:38:196:42":14,"f:197:35:197:36":15,"s:197:41:197:81":47,"b:199:4:205:5:203:11:205:5":15,"s:199:4:205:5":48,"s:201:21:201:104":49,"f:201:40:201:41":16,"s:201:45:201:103":50,"b:201:45:201:72:201:76:201:103":16,"b:202:6:202:66:undefined:undefined:undefined:undefined":17,"s:202:6:202:66":51,"s:202:18:202:66":52,"s:204:6:204:43":53,"s:206:4:206:26":54,"s:207:4:207:52":55,"b:207:38:207:43:207:46:207:51":18,"s:208:4:208:16":56,"s:210:4:210:57":57,"b:210:20:210:46:210:50:210:56":19,"s:212:4:212:25":58,"s:216:0:216:15":59,"s:2:11:2:Infinity":60,"s:3:9:3:Infinity":61,"s:13:16:13:96":62,"s:45:15:45:Infinity":63,"s:46:17:46:Infinity":64,"s:50:17:50:Infinity":65,"s:54:17:54:Infinity":66,"s:82:15:82:68":67,"s:2:2:89:96":68,"b:4:6:4:10:4:6:4:21":20,"f:5:52:5:60":17,"s:5:60:5:72":69,"b:5:60:5:72:5:60:5:72":21,"f:9:6:9:23":18,"s:9:59:28:95":70,"f:13:10:13:16":19,"s:12:33:13:124":71,"b:13:96:13:107:13:107:13:124":22,"f:18:37:18:40":20,"s:18:33:18:74":72,"f:22:10:22:19":21,"s:21:33:22:103":73,"b:22:36:22:59:22:36:22:59":23,"f:22:72:22:75":22,"s:22:103:22:103":74,"b:22:86:22:103:22:86:22:103":24,"f:27:10:27:21":23,"s:26:33:28:95":75,"f:27:40:27:42":24,"s:27:42:27:57":76,"f:27:57:27:59":25,"s:27:59:27:71":77,"b:27:59:27:71:27:59:27:71":25,"f:28:60:28:62":26,"s:28:62:28:81":78,"f:28:81:28:83":27,"s:28:83:28:95":79,"b:28:83:28:95:28:83:28:95":26,"b:34:24:34:30:34:24:34:41":27,"f:34:24:34:30":28,"s:34:24:34:41":80,"b:34:61:34:85:34:61:34:85":28,"f:95:8:95:20":29,"s:95:65:97:43":81,"b:95:25:95:27:95:25:95:51":29,"f:95:25:95:27":30,"s:95:27:95:51":82,"f:95:51:95:53":31,"s:95:53:95:65":83,"b:95:53:95:65:95:53:95:65":30,"f:97:10:97:13":32,"s:97:43:97:43":84,"b:97:26:97:43:97:26:97:43":31,"f:35:6:35:16":33,"s:92:16:89:96":85,"f:36:8:36:22":34,"s:38:23:89:96":86,"f:37:10:37:29":35,"s:37:72:37:72":87,"b:37:29:37:35:37:29:37:47":32,"f:37:29:37:35":36,"s:37:29:37:47":88,"f:40:10:40:29":37,"s:40:101:40:101":89,"b:40:29:40:35:40:29:40:47":33,"f:40:29:40:35":38,"s:40:29:40:47":90,"f:45:10:45:15":39,"s:70:16:69:18":91,"b:47:14:47:20:47:14:47:53":34,"f:48:49:48:52":40,"s:48:14:48:124":92,"f:48:100:48:102":41,"s:48:102:48:117":93,"f:48:117:48:120":42,"s:48:124:48:124":94,"b:51:14:51:20:51:14:51:51":35,"f:52:44:52:47":43,"s:52:14:52:122":95,"f:52:96:52:98":44,"s:52:98:52:114":96,"f:52:114:52:117":45,"s:52:122:52:122":97,"b:55:14:55:20:55:14:55:52":36,"f:56:44:56:47":46,"s:56:14:56:122":98,"f:56:96:56:98":47,"s:56:98:56:114":99,"f:56:114:56:117":48,"s:56:122:56:122":100,"b:57:62:57:64:57:62:57:81":37,"f:57:62:57:64":49,"s:57:64:57:81":101,"f:57:81:57:82":50,"s:57:82:57:91":102,"b:57:82:57:91:57:82:57:91":38,"b:60:23:60:29:60:23:60:Infinity":39,"f:60:23:60:29":51,"s:60:23:60:Infinity":103,"b:66:12:66:17:66:12:69:18":40,"b:73:8:83:Infinity":41,"f:74:10:74:21":52,"s:81:21:83:Infinity":104,"f:75:12:75:29":53,"s:75:56:78:99":105,"f:78:16:78:42":54,"s:77:39:78:99":106,"f:78:42:78:45":55,"s:78:42:78:55":107,"b:83:45:83:Infinity:83:45:83:Infinity":42,"f:88:10:88:30":56,"s:90:22:89:96":108,"b:88:30:88:36:88:30:88:54":43,"f:88:30:88:36":57,"s:88:30:88:54":109,"f:89:23:89:30":58,"s:89:50:89:96":110,"f:89:49:89:50":59,"s:89:12:89:96":111},"fnNames":{}}}
,"C:\\Users\\14226\\Downloads\\Factor-Management-Subsystem\\frontend-vue\\src\\pages\\MultiFactorPage.vue": {"path":"C:\\Users\\14226\\Downloads\\Factor-Management-Subsystem\\frontend-vue\\src\\pages\\MultiFactorPage.vue","statementMap":{"0":{"start":{"line":151,"column":12},"end":{"line":151,"column":23}},"1":{"start":{"line":152,"column":21},"end":{"line":152,"column":36}},"2":{"start":{"line":153,"column":17},"end":{"line":153,"column":25}},"3":{"start":{"line":154,"column":22},"end":{"line":154,"column":30}},"4":{"start":{"line":155,"column":18},"end":{"line":155,"column":26}},"5":{"start":{"line":156,"column":19},"end":{"line":156,"column":30}},"6":{"start":{"line":157,"column":16},"end":{"line":157,"column":24}},"7":{"start":{"line":158,"column":12},"end":{"line":158,"column":19}},"8":{"start":{"line":159,"column":16},"end":{"line":159,"column":24}},"9":{"start":{"line":160,"column":20},"end":{"line":160,"column":28}},"10":{"start":{"line":161,"column":21},"end":{"line":161,"column":32}},"11":{"start":{"line":162,"column":20},"end":{"line":162,"column":30}},"12":{"start":{"line":165,"column":20},"end":{"line":165,"column":28}},"13":{"start":{"line":166,"column":17},"end":{"line":166,"column":99}},"14":{"start":{"line":166,"column":33},"end":{"line":166,"column":98}},"15":{"start":{"line":166,"column":69},"end":{"line":166,"column":94}},"16":{"start":{"line":168,"column":2},"end":{"line":168,"column":76}},"17":{"start":{"line":168,"column":38},"end":{"line":168,"column":76}},"18":{"start":{"line":169,"column":2},"end":{"line":169,"column":86}},"19":{"start":{"line":169,"column":35},"end":{"line":169,"column":50}},"20":{"start":{"line":169,"column":53},"end":{"line":169,"column":86}},"21":{"start":{"line":170,"column":2},"end":{"line":170,"column":68}},"22":{"start":{"line":171,"column":2},"end":{"line":171,"column":42}},"23":{"start":{"line":174,"column":2},"end":{"line":174,"column":25}},"24":{"start":{"line":175,"column":2},"end":{"line":175,"column":29}},"25":{"start":{"line":178,"column":35},"end":{"line":178,"column":60}},"26":{"start":{"line":180,"column":2},"end":{"line":180,"column":26}},"27":{"start":{"line":181,"column":2},"end":{"line":181,"column":28}},"28":{"start":{"line":183,"column":25},"end":{"line":183,"column":64}},"29":{"start":{"line":186,"column":20},"end":{"line":192,"column":2}},"30":{"start":{"line":187,"column":13},"end":{"line":187,"column":27}},"31":{"start":{"line":188,"column":2},"end":{"line":190,"column":3}},"32":{"start":{"line":189,"column":4},"end":{"line":189,"column":64}},"33":{"start":{"line":189,"column":28},"end":{"line":189,"column":63}},"34":{"start":{"line":191,"column":2},"end":{"line":191,"column":13}},"35":{"start":{"line":195,"column":12},"end":{"line":201,"column":2}},"36":{"start":{"line":204,"column":23},"end":{"line":204,"column":33}},"37":{"start":{"line":205,"column":21},"end":{"line":205,"column":31}},"38":{"start":{"line":206,"column":24},"end":{"line":206,"column":34}},"39":{"start":{"line":207,"column":25},"end":{"line":207,"column":35}},"40":{"start":{"line":208,"column":21},"end":{"line":208,"column":23}},"41":{"start":{"line":209,"column":27},"end":{"line":209,"column":92}},"42":{"start":{"line":209,"column":57},"end":{"line":209,"column":88}},"43":{"start":{"line":209,"column":63},"end":{"line":209,"column":75}},"44":{"start":{"line":209,"column":93},"end":{"line":209,"column":112}},"45":{"start":{"line":211,"column":2},"end":{"line":211,"column":22}},"46":{"start":{"line":211,"column":11},"end":{"line":211,"column":22}},"47":{"start":{"line":212,"column":12},"end":{"line":212,"column":28}},"48":{"start":{"line":213,"column":2},"end":{"line":213,"column":24}},"49":{"start":{"line":214,"column":2},"end":{"line":214,"column":10}},"50":{"start":{"line":218,"column":2},"end":{"line":218,"column":17}},"51":{"start":{"line":219,"column":2},"end":{"line":219,"column":26}},"52":{"start":{"line":221,"column":2},"end":{"line":254,"column":41}},"53":{"start":{"line":223,"column":17},"end":{"line":223,"column":81}},"54":{"start":{"line":223,"column":78},"end":{"line":223,"column":80}},"55":{"start":{"line":224,"column":17},"end":{"line":224,"column":48}},"56":{"start":{"line":225,"column":4},"end":{"line":225,"column":25}},"57":{"start":{"line":228,"column":15},"end":{"line":228,"column":24}},"58":{"start":{"line":229,"column":4},"end":{"line":229,"column":61}},"59":{"start":{"line":229,"column":24},"end":{"line":229,"column":58}},"60":{"start":{"line":229,"column":40},"end":{"line":229,"column":58}},"61":{"start":{"line":230,"column":4},"end":{"line":230,"column":30}},"62":{"start":{"line":233,"column":18},"end":{"line":233,"column":52}},"63":{"start":{"line":233,"column":35},"end":{"line":233,"column":51}},"64":{"start":{"line":234,"column":4},"end":{"line":234,"column":32}},"65":{"start":{"line":235,"column":4},"end":{"line":235,"column":116}},"66":{"start":{"line":235,"column":40},"end":{"line":235,"column":55}},"67":{"start":{"line":235,"column":88},"end":{"line":235,"column":106}},"68":{"start":{"line":236,"column":4},"end":{"line":236,"column":109}},"69":{"start":{"line":236,"column":59},"end":{"line":236,"column":71}},"70":{"start":{"line":237,"column":4},"end":{"line":237,"column":123}},"71":{"start":{"line":237,"column":51},"end":{"line":237,"column":66}},"72":{"start":{"line":238,"column":4},"end":{"line":238,"column":121}},"73":{"start":{"line":238,"column":62},"end":{"line":238,"column":80}},"74":{"start":{"line":239,"column":4},"end":{"line":239,"column":131}},"75":{"start":{"line":239,"column":61},"end":{"line":239,"column":82}},"76":{"start":{"line":240,"column":4},"end":{"line":240,"column":58}},"77":{"start":{"line":241,"column":4},"end":{"line":241,"column":32}},"78":{"start":{"line":242,"column":4},"end":{"line":242,"column":61}},"79":{"start":{"line":243,"column":4},"end":{"line":243,"column":27}},"80":{"start":{"line":246,"column":23},"end":{"line":246,"column":57}},"81":{"start":{"line":247,"column":20},"end":{"line":247,"column":105}},"82":{"start":{"line":247,"column":47},"end":{"line":247,"column":104}},"83":{"start":{"line":247,"column":64},"end":{"line":247,"column":97}},"84":{"start":{"line":248,"column":4},"end":{"line":252,"column":6}},"85":{"start":{"line":249,"column":6},"end":{"line":249,"column":47}},"86":{"start":{"line":249,"column":23},"end":{"line":249,"column":47}},"87":{"start":{"line":251,"column":6},"end":{"line":251,"column":70}},"88":{"start":{"line":251,"column":23},"end":{"line":251,"column":70}},"89":{"start":{"line":254,"column":14},"end":{"line":254,"column":39}},"90":{"start":{"line":258,"column":18},"end":{"line":258,"column":50}},"91":{"start":{"line":260,"column":18},"end":{"line":260,"column":50}},"92":{"start":{"line":261,"column":2},"end":{"line":279,"column":3}},"93":{"start":{"line":262,"column":17},"end":{"line":262,"column":33}},"94":{"start":{"line":263,"column":18},"end":{"line":266,"column":6}},"95":{"start":{"line":264,"column":16},"end":{"line":264,"column":26}},"96":{"start":{"line":264,"column":28},"end":{"line":264,"column":61}},"97":{"start":{"line":265,"column":6},"end":{"line":265,"column":41}},"98":{"start":{"line":267,"column":4},"end":{"line":278,"column":6}},"99":{"start":{"line":269,"column":36},"end":{"line":269,"column":42}},"100":{"start":{"line":273,"column":29},"end":{"line":277,"column":7}},"101":{"start":{"line":275,"column":47},"end":{"line":275,"column":100}},"102":{"start":{"line":281,"column":21},"end":{"line":281,"column":51}},"103":{"start":{"line":282,"column":2},"end":{"line":303,"column":3}},"104":{"start":{"line":283,"column":18},"end":{"line":286,"column":6}},"105":{"start":{"line":284,"column":16},"end":{"line":284,"column":26}},"106":{"start":{"line":284,"column":28},"end":{"line":284,"column":61}},"107":{"start":{"line":285,"column":6},"end":{"line":285,"column":41}},"108":{"start":{"line":287,"column":19},"end":{"line":287,"column":21}},"109":{"start":{"line":288,"column":4},"end":{"line":295,"column":5}},"110":{"start":{"line":288,"column":17},"end":{"line":288,"column":18}},"111":{"start":{"line":289,"column":16},"end":{"line":289,"column":17}},"112":{"start":{"line":289,"column":32},"end":{"line":289,"column":119}},"113":{"start":{"line":289,"column":50},"end":{"line":289,"column":93}},"114":{"start":{"line":289,"column":94},"end":{"line":289,"column":116}},"115":{"start":{"line":290,"column":6},"end":{"line":294,"column":8}},"116":{"start":{"line":296,"column":4},"end":{"line":302,"column":6}},"117":{"start":{"line":305,"column":20},"end":{"line":305,"column":53}},"118":{"start":{"line":306,"column":2},"end":{"line":321,"column":3}},"119":{"start":{"line":307,"column":20},"end":{"line":307,"column":78}},"120":{"start":{"line":307,"column":71},"end":{"line":307,"column":77}},"121":{"start":{"line":308,"column":14},"end":{"line":308,"column":28}},"122":{"start":{"line":309,"column":17},"end":{"line":309,"column":19}},"123":{"start":{"line":310,"column":4},"end":{"line":312,"column":124}},"124":{"start":{"line":310,"column":17},"end":{"line":310,"column":18}},"125":{"start":{"line":311,"column":6},"end":{"line":312,"column":124}},"126":{"start":{"line":311,"column":19},"end":{"line":311,"column":20}},"127":{"start":{"line":312,"column":8},"end":{"line":312,"column":124}},"128":{"start":{"line":313,"column":4},"end":{"line":320,"column":6}},"129":{"start":{"line":314,"column":50},"end":{"line":314,"column":122}},"130":{"start":{"line":319,"column":91},"end":{"line":319,"column":111}},"131":{"start":{"line":323,"column":22},"end":{"line":323,"column":56}},"132":{"start":{"line":324,"column":2},"end":{"line":334,"column":3}},"133":{"start":{"line":325,"column":20},"end":{"line":325,"column":95}},"134":{"start":{"line":326,"column":18},"end":{"line":326,"column":94}},"135":{"start":{"line":326,"column":36},"end":{"line":326,"column":92}},"136":{"start":{"line":327,"column":4},"end":{"line":333,"column":6}},"137":{"start":{"line":328,"column":50},"end":{"line":328,"column":80}},"138":{"start":{"line":332,"column":69},"end":{"line":332,"column":147}},"139":{"start":{"line":337,"column":0},"end":{"line":343,"column":2}},"140":{"start":{"line":338,"column":2},"end":{"line":341,"column":3}},"141":{"start":{"line":339,"column":16},"end":{"line":339,"column":26}},"142":{"start":{"line":339,"column":42},"end":{"line":339,"column":52}},"143":{"start":{"line":339,"column":54},"end":{"line":339,"column":96}},"144":{"start":{"line":340,"column":4},"end":{"line":340,"column":88}},"145":{"start":{"line":342,"column":2},"end":{"line":342,"column":14}},"146":{"start":{"line":2,"column":11},"end":{"line":2,"column":null}},"147":{"start":{"line":4,"column":9},"end":{"line":4,"column":null}},"148":{"start":{"line":5,"column":11},"end":{"line":5,"column":null}},"149":{"start":{"line":13,"column":11},"end":{"line":13,"column":null}},"150":{"start":{"line":21,"column":11},"end":{"line":21,"column":null}},"151":{"start":{"line":30,"column":9},"end":{"line":30,"column":null}},"152":{"start":{"line":32,"column":13},"end":{"line":32,"column":34}},"153":{"start":{"line":34,"column":13},"end":{"line":34,"column":32}},"154":{"start":{"line":39,"column":9},"end":{"line":39,"column":null}},"155":{"start":{"line":40,"column":13},"end":{"line":40,"column":null}},"156":{"start":{"line":41,"column":13},"end":{"line":41,"column":null}},"157":{"start":{"line":42,"column":26},"end":{"line":42,"column":45}},"158":{"start":{"line":70,"column":12},"end":{"line":70,"column":null}},"159":{"start":{"line":71,"column":13},"end":{"line":71,"column":null}},"160":{"start":{"line":72,"column":15},"end":{"line":72,"column":null}},"161":{"start":{"line":76,"column":15},"end":{"line":76,"column":null}},"162":{"start":{"line":80,"column":15},"end":{"line":80,"column":null}},"163":{"start":{"line":84,"column":15},"end":{"line":84,"column":null}},"164":{"start":{"line":93,"column":9},"end":{"line":93,"column":null}},"165":{"start":{"line":94,"column":11},"end":{"line":94,"column":null}},"166":{"start":{"line":96,"column":13},"end":{"line":96,"column":null}},"167":{"start":{"line":2,"column":2},"end":{"line":139,"column":88}},"168":{"start":{"line":7,"column":28},"end":{"line":7,"column":34}},"169":{"start":{"line":8,"column":47},"end":{"line":10,"column":52}},"170":{"start":{"line":15,"column":28},"end":{"line":15,"column":43}},"171":{"start":{"line":16,"column":50},"end":{"line":18,"column":49}},"172":{"start":{"line":23,"column":33},"end":{"line":23,"column":44}},"173":{"start":{"line":26,"column":67},"end":{"line":26,"column":79}},"174":{"start":{"line":31,"column":6},"end":{"line":34,"column":48}},"175":{"start":{"line":43,"column":94},"end":{"line":43,"column":106}},"176":{"start":{"line":47,"column":53},"end":{"line":56,"column":109}},"177":{"start":{"line":50,"column":37},"end":{"line":51,"column":139}},"178":{"start":{"line":51,"column":40},"end":{"line":51,"column":53}},"179":{"start":{"line":55,"column":40},"end":{"line":56,"column":109}},"180":{"start":{"line":56,"column":65},"end":{"line":56,"column":96}},"181":{"start":{"line":56,"column":97},"end":{"line":56,"column":109}},"182":{"start":{"line":62,"column":96},"end":{"line":62,"column":105}},"183":{"start":{"line":63,"column":84},"end":{"line":63,"column":93}},"184":{"start":{"line":67,"column":35},"end":{"line":67,"column":47}},"185":{"start":{"line":97,"column":30},"end":{"line":97,"column":46}},"186":{"start":{"line":97,"column":117},"end":{"line":97,"column":null}},"187":{"start":{"line":98,"column":45},"end":{"line":99,"column":88}},"188":{"start":{"line":99,"column":12},"end":{"line":99,"column":88}},"189":{"start":{"line":104,"column":55},"end":{"line":119,"column":72}},"190":{"start":{"line":107,"column":35},"end":{"line":107,"column":78}},"191":{"start":{"line":107,"column":78},"end":{"line":107,"column":78}},"192":{"start":{"line":110,"column":35},"end":{"line":110,"column":67}},"193":{"start":{"line":116,"column":35},"end":{"line":119,"column":72}},"194":{"start":{"line":117,"column":44},"end":{"line":117,"column":61}},"195":{"start":{"line":117,"column":63},"end":{"line":117,"column":75}},"196":{"start":{"line":118,"column":117},"end":{"line":118,"column":130}},"197":{"start":{"line":118,"column":141},"end":{"line":118,"column":null}},"198":{"start":{"line":119,"column":72},"end":{"line":119,"column":72}},"199":{"start":{"line":119,"column":38},"end":{"line":119,"column":51}},"200":{"start":{"line":124,"column":43},"end":{"line":124,"column":57}},"201":{"start":{"line":124,"column":68},"end":{"line":124,"column":79}},"202":{"start":{"line":129,"column":24},"end":{"line":129,"column":40}},"203":{"start":{"line":140,"column":24},"end":{"line":139,"column":88}},"204":{"start":{"line":131,"column":96},"end":{"line":139,"column":88}},"205":{"start":{"line":131,"column":73},"end":{"line":131,"column":73}},"206":{"start":{"line":132,"column":68},"end":{"line":132,"column":68}},"207":{"start":{"line":133,"column":81},"end":{"line":133,"column":81}},"208":{"start":{"line":134,"column":65},"end":{"line":134,"column":65}},"209":{"start":{"line":135,"column":74},"end":{"line":135,"column":98}},"210":{"start":{"line":136,"column":76},"end":{"line":136,"column":100}},"211":{"start":{"line":137,"column":64},"end":{"line":137,"column":64}},"212":{"start":{"line":138,"column":63},"end":{"line":138,"column":63}},"213":{"start":{"line":139,"column":88},"end":{"line":139,"column":88}}},"fnMap":{"0":{"name":"(anonymous_0)","decl":{"start":{"line":166,"column":27},"end":{"line":166,"column":28}},"loc":{"start":{"line":166,"column":33},"end":{"line":166,"column":98}},"line":166},"1":{"name":"(anonymous_1)","decl":{"start":{"line":166,"column":59},"end":{"line":166,"column":60}},"loc":{"start":{"line":166,"column":69},"end":{"line":166,"column":94}},"line":166},"2":{"name":"addToModel","decl":{"start":{"line":167,"column":9},"end":{"line":167,"column":19}},"loc":{"start":{"line":167,"column":25},"end":{"line":172,"column":1}},"line":167},"3":{"name":"(anonymous_3)","decl":{"start":{"line":169,"column":30},"end":{"line":169,"column":31}},"loc":{"start":{"line":169,"column":35},"end":{"line":169,"column":50}},"line":169},"4":{"name":"resetModel","decl":{"start":{"line":173,"column":9},"end":{"line":173,"column":19}},"loc":{"start":{"line":173,"column":22},"end":{"line":176,"column":1}},"line":173},"5":{"name":"onSelectionChange","decl":{"start":{"line":178,"column":9},"end":{"line":178,"column":26}},"loc":{"start":{"line":178,"column":33},"end":{"line":178,"column":62}},"line":178},"6":{"name":"viewDetail","decl":{"start":{"line":179,"column":9},"end":{"line":179,"column":19}},"loc":{"start":{"line":179,"column":25},"end":{"line":182,"column":1}},"line":179},"7":{"name":"runBacktest","decl":{"start":{"line":183,"column":9},"end":{"line":183,"column":20}},"loc":{"start":{"line":183,"column":23},"end":{"line":183,"column":66}},"line":183},"8":{"name":"(anonymous_8)","decl":{"start":{"line":186,"column":30},"end":{"line":186,"column":31}},"loc":{"start":{"line":186,"column":36},"end":{"line":192,"column":1}},"line":186},"9":{"name":"(anonymous_9)","decl":{"start":{"line":189,"column":23},"end":{"line":189,"column":24}},"loc":{"start":{"line":189,"column":28},"end":{"line":189,"column":63}},"line":189},"10":{"name":"disposeCharts","decl":{"start":{"line":209,"column":9},"end":{"line":209,"column":22}},"loc":{"start":{"line":209,"column":25},"end":{"line":209,"column":114}},"line":209},"11":{"name":"(anonymous_11)","decl":{"start":{"line":209,"column":50},"end":{"line":209,"column":51}},"loc":{"start":{"line":209,"column":55},"end":{"line":209,"column":90}},"line":209},"12":{"name":"initChart","decl":{"start":{"line":210,"column":9},"end":{"line":210,"column":18}},"loc":{"start":{"line":210,"column":23},"end":{"line":215,"column":1}},"line":210},"13":{"name":"refreshAll","decl":{"start":{"line":217,"column":15},"end":{"line":217,"column":25}},"loc":{"start":{"line":217,"column":28},"end":{"line":255,"column":1}},"line":217},"14":{"name":"(anonymous_14)","decl":{"start":{"line":223,"column":72},"end":{"line":223,"column":73}},"loc":{"start":{"line":223,"column":78},"end":{"line":223,"column":80}},"line":223},"15":{"name":"(anonymous_15)","decl":{"start":{"line":229,"column":17},"end":{"line":229,"column":18}},"loc":{"start":{"line":229,"column":22},"end":{"line":229,"column":60}},"line":229},"16":{"name":"(anonymous_16)","decl":{"start":{"line":233,"column":30},"end":{"line":233,"column":31}},"loc":{"start":{"line":233,"column":35},"end":{"line":233,"column":51}},"line":233},"17":{"name":"(anonymous_17)","decl":{"start":{"line":235,"column":37},"end":{"line":235,"column":38}},"loc":{"start":{"line":235,"column":40},"end":{"line":235,"column":55}},"line":235},"18":{"name":"(anonymous_18)","decl":{"start":{"line":235,"column":85},"end":{"line":235,"column":86}},"loc":{"start":{"line":235,"column":88},"end":{"line":235,"column":106}},"line":235},"19":{"name":"(anonymous_19)","decl":{"start":{"line":236,"column":49},"end":{"line":236,"column":50}},"loc":{"start":{"line":236,"column":59},"end":{"line":236,"column":71}},"line":236},"20":{"name":"(anonymous_20)","decl":{"start":{"line":237,"column":46},"end":{"line":237,"column":47}},"loc":{"start":{"line":237,"column":51},"end":{"line":237,"column":66}},"line":237},"21":{"name":"(anonymous_21)","decl":{"start":{"line":238,"column":52},"end":{"line":238,"column":53}},"loc":{"start":{"line":238,"column":62},"end":{"line":238,"column":80}},"line":238},"22":{"name":"(anonymous_22)","decl":{"start":{"line":239,"column":56},"end":{"line":239,"column":57}},"loc":{"start":{"line":239,"column":61},"end":{"line":239,"column":82}},"line":239},"23":{"name":"(anonymous_23)","decl":{"start":{"line":247,"column":32},"end":{"line":247,"column":33}},"loc":{"start":{"line":247,"column":47},"end":{"line":247,"column":104}},"line":247},"24":{"name":"(anonymous_24)","decl":{"start":{"line":247,"column":58},"end":{"line":247,"column":59}},"loc":{"start":{"line":247,"column":64},"end":{"line":247,"column":97}},"line":247},"25":{"name":"(anonymous_25)","decl":{"start":{"line":248,"column":46},"end":{"line":248,"column":50}},"loc":{"start":{"line":248,"column":54},"end":{"line":250,"column":5}},"line":248},"26":{"name":"(anonymous_26)","decl":{"start":{"line":250,"column":13},"end":{"line":250,"column":14}},"loc":{"start":{"line":250,"column":19},"end":{"line":252,"column":5}},"line":250},"27":{"name":"renderCharts","decl":{"start":{"line":257,"column":9},"end":{"line":257,"column":21}},"loc":{"start":{"line":257,"column":34},"end":{"line":335,"column":1}},"line":257},"28":{"name":"(anonymous_28)","decl":{"start":{"line":263,"column":45},"end":{"line":263,"column":46}},"loc":{"start":{"line":263,"column":55},"end":{"line":266,"column":5}},"line":263},"29":{"name":"(anonymous_29)","decl":{"start":{"line":269,"column":31},"end":{"line":269,"column":32}},"loc":{"start":{"line":269,"column":36},"end":{"line":269,"column":42}},"line":269},"30":{"name":"(anonymous_30)","decl":{"start":{"line":273,"column":23},"end":{"line":273,"column":24}},"loc":{"start":{"line":273,"column":29},"end":{"line":277,"column":7}},"line":273},"31":{"name":"(anonymous_31)","decl":{"start":{"line":275,"column":41},"end":{"line":275,"column":42}},"loc":{"start":{"line":275,"column":47},"end":{"line":275,"column":100}},"line":275},"32":{"name":"(anonymous_32)","decl":{"start":{"line":283,"column":45},"end":{"line":283,"column":46}},"loc":{"start":{"line":283,"column":55},"end":{"line":286,"column":5}},"line":283},"33":{"name":"(anonymous_33)","decl":{"start":{"line":289,"column":42},"end":{"line":289,"column":43}},"loc":{"start":{"line":289,"column":48},"end":{"line":289,"column":118}},"line":289},"34":{"name":"(anonymous_34)","decl":{"start":{"line":307,"column":66},"end":{"line":307,"column":67}},"loc":{"start":{"line":307,"column":71},"end":{"line":307,"column":77}},"line":307},"35":{"name":"(anonymous_35)","decl":{"start":{"line":314,"column":45},"end":{"line":314,"column":46}},"loc":{"start":{"line":314,"column":50},"end":{"line":314,"column":122}},"line":314},"36":{"name":"(anonymous_36)","decl":{"start":{"line":319,"column":86},"end":{"line":319,"column":87}},"loc":{"start":{"line":319,"column":91},"end":{"line":319,"column":111}},"line":319},"37":{"name":"(anonymous_37)","decl":{"start":{"line":326,"column":30},"end":{"line":326,"column":31}},"loc":{"start":{"line":326,"column":36},"end":{"line":326,"column":92}},"line":326},"38":{"name":"(anonymous_38)","decl":{"start":{"line":328,"column":45},"end":{"line":328,"column":46}},"loc":{"start":{"line":328,"column":50},"end":{"line":328,"column":80}},"line":328},"39":{"name":"(anonymous_39)","decl":{"start":{"line":332,"column":63},"end":{"line":332,"column":64}},"loc":{"start":{"line":332,"column":69},"end":{"line":332,"column":147}},"line":332},"40":{"name":"(anonymous_40)","decl":{"start":{"line":337,"column":10},"end":{"line":337,"column":11}},"loc":{"start":{"line":337,"column":16},"end":{"line":343,"column":1}},"line":337},"41":{"name":"(anonymous_41)","decl":{"start":{"line":7,"column":28},"end":{"line":7,"column":32}},"loc":{"start":{"line":7,"column":28},"end":{"line":7,"column":34}},"line":7},"42":{"name":"(anonymous_42)","decl":{"start":{"line":8,"column":10},"end":{"line":8,"column":21}},"loc":{"start":{"line":8,"column":47},"end":{"line":10,"column":52}},"line":8},"43":{"name":"(anonymous_43)","decl":{"start":{"line":15,"column":28},"end":{"line":15,"column":41}},"loc":{"start":{"line":15,"column":28},"end":{"line":15,"column":43}},"line":15},"44":{"name":"(anonymous_44)","decl":{"start":{"line":16,"column":10},"end":{"line":16,"column":21}},"loc":{"start":{"line":16,"column":50},"end":{"line":18,"column":49}},"line":16},"45":{"name":"(anonymous_45)","decl":{"start":{"line":23,"column":33},"end":{"line":23,"column":42}},"loc":{"start":{"line":23,"column":33},"end":{"line":23,"column":44}},"line":23},"46":{"name":"(anonymous_46)","decl":{"start":{"line":26,"column":65},"end":{"line":26,"column":67}},"loc":{"start":{"line":26,"column":67},"end":{"line":26,"column":79}},"line":26},"47":{"name":"(anonymous_47)","decl":{"start":{"line":31,"column":46},"end":{"line":31,"column":49}},"loc":{"start":{"line":31,"column":38},"end":{"line":34,"column":48}},"line":31},"48":{"name":"(anonymous_48)","decl":{"start":{"line":43,"column":92},"end":{"line":43,"column":94}},"loc":{"start":{"line":43,"column":94},"end":{"line":43,"column":106}},"line":43},"49":{"name":"(anonymous_49)","decl":{"start":{"line":47,"column":10},"end":{"line":47,"column":27}},"loc":{"start":{"line":47,"column":53},"end":{"line":56,"column":109}},"line":47},"50":{"name":"(anonymous_50)","decl":{"start":{"line":51,"column":14},"end":{"line":51,"column":40}},"loc":{"start":{"line":50,"column":37},"end":{"line":51,"column":139}},"line":50},"51":{"name":"(anonymous_51)","decl":{"start":{"line":51,"column":40},"end":{"line":51,"column":43}},"loc":{"start":{"line":51,"column":40},"end":{"line":51,"column":53}},"line":51},"52":{"name":"(anonymous_52)","decl":{"start":{"line":56,"column":14},"end":{"line":56,"column":25}},"loc":{"start":{"line":55,"column":40},"end":{"line":56,"column":109}},"line":55},"53":{"name":"(anonymous_53)","decl":{"start":{"line":56,"column":63},"end":{"line":56,"column":65}},"loc":{"start":{"line":56,"column":65},"end":{"line":56,"column":96}},"line":56},"54":{"name":"(anonymous_54)","decl":{"start":{"line":56,"column":96},"end":{"line":56,"column":97}},"loc":{"start":{"line":56,"column":97},"end":{"line":56,"column":109}},"line":56},"55":{"name":"(anonymous_55)","decl":{"start":{"line":62,"column":95},"end":{"line":62,"column":96}},"loc":{"start":{"line":62,"column":96},"end":{"line":62,"column":105}},"line":62},"56":{"name":"(anonymous_56)","decl":{"start":{"line":63,"column":77},"end":{"line":63,"column":84}},"loc":{"start":{"line":63,"column":84},"end":{"line":63,"column":93}},"line":63},"57":{"name":"(anonymous_57)","decl":{"start":{"line":67,"column":31},"end":{"line":67,"column":35}},"loc":{"start":{"line":67,"column":35},"end":{"line":67,"column":47}},"line":67},"58":{"name":"(anonymous_58)","decl":{"start":{"line":97,"column":30},"end":{"line":97,"column":44}},"loc":{"start":{"line":97,"column":30},"end":{"line":97,"column":46}},"line":97},"59":{"name":"(anonymous_59)","decl":{"start":{"line":97,"column":115},"end":{"line":97,"column":117}},"loc":{"start":{"line":97,"column":117},"end":{"line":97,"column":null}},"line":97},"60":{"name":"(anonymous_60)","decl":{"start":{"line":98,"column":12},"end":{"line":98,"column":23}},"loc":{"start":{"line":98,"column":45},"end":{"line":99,"column":88}},"line":98},"61":{"name":"(anonymous_61)","decl":{"start":{"line":99,"column":47},"end":{"line":99,"column":50}},"loc":{"start":{"line":99,"column":33},"end":{"line":99,"column":88}},"line":99},"62":{"name":"(anonymous_62)","decl":{"start":{"line":104,"column":8},"end":{"line":104,"column":25}},"loc":{"start":{"line":104,"column":55},"end":{"line":119,"column":72}},"line":104},"63":{"name":"(anonymous_63)","decl":{"start":{"line":107,"column":39},"end":{"line":107,"column":47}},"loc":{"start":{"line":107,"column":35},"end":{"line":107,"column":78}},"line":107},"64":{"name":"(anonymous_64)","decl":{"start":{"line":107,"column":60},"end":{"line":107,"column":63}},"loc":{"start":{"line":107,"column":78},"end":{"line":107,"column":78}},"line":107},"65":{"name":"(anonymous_65)","decl":{"start":{"line":110,"column":39},"end":{"line":110,"column":42}},"loc":{"start":{"line":110,"column":35},"end":{"line":110,"column":67}},"line":110},"66":{"name":"(anonymous_66)","decl":{"start":{"line":117,"column":12},"end":{"line":117,"column":23}},"loc":{"start":{"line":116,"column":35},"end":{"line":119,"column":72}},"line":116},"67":{"name":"(anonymous_67)","decl":{"start":{"line":117,"column":42},"end":{"line":117,"column":44}},"loc":{"start":{"line":117,"column":44},"end":{"line":117,"column":61}},"line":117},"68":{"name":"(anonymous_68)","decl":{"start":{"line":117,"column":61},"end":{"line":117,"column":63}},"loc":{"start":{"line":117,"column":63},"end":{"line":117,"column":75}},"line":117},"69":{"name":"(anonymous_69)","decl":{"start":{"line":118,"column":114},"end":{"line":118,"column":115}},"loc":{"start":{"line":118,"column":117},"end":{"line":118,"column":130}},"line":118},"70":{"name":"(anonymous_70)","decl":{"start":{"line":118,"column":139},"end":{"line":118,"column":141}},"loc":{"start":{"line":118,"column":141},"end":{"line":118,"column":null}},"line":118},"71":{"name":"(anonymous_71)","decl":{"start":{"line":119,"column":14},"end":{"line":119,"column":17}},"loc":{"start":{"line":119,"column":72},"end":{"line":119,"column":72}},"line":119},"72":{"name":"(anonymous_72)","decl":{"start":{"line":119,"column":35},"end":{"line":119,"column":36}},"loc":{"start":{"line":119,"column":38},"end":{"line":119,"column":51}},"line":119},"73":{"name":"(anonymous_73)","decl":{"start":{"line":124,"column":43},"end":{"line":124,"column":47}},"loc":{"start":{"line":124,"column":43},"end":{"line":124,"column":57}},"line":124},"74":{"name":"(anonymous_74)","decl":{"start":{"line":124,"column":68},"end":{"line":124,"column":76}},"loc":{"start":{"line":124,"column":68},"end":{"line":124,"column":79}},"line":124},"75":{"name":"(anonymous_75)","decl":{"start":{"line":129,"column":24},"end":{"line":129,"column":37}},"loc":{"start":{"line":129,"column":24},"end":{"line":129,"column":40}},"line":129},"76":{"name":"(anonymous_76)","decl":{"start":{"line":130,"column":6},"end":{"line":130,"column":24}},"loc":{"start":{"line":140,"column":24},"end":{"line":139,"column":88}},"line":140},"77":{"name":"(anonymous_77)","decl":{"start":{"line":131,"column":8},"end":{"line":131,"column":30}},"loc":{"start":{"line":131,"column":96},"end":{"line":139,"column":88}},"line":131},"78":{"name":"(anonymous_78)","decl":{"start":{"line":131,"column":43},"end":{"line":131,"column":46}},"loc":{"start":{"line":131,"column":73},"end":{"line":131,"column":73}},"line":131},"79":{"name":"(anonymous_79)","decl":{"start":{"line":132,"column":41},"end":{"line":132,"column":44}},"loc":{"start":{"line":132,"column":68},"end":{"line":132,"column":68}},"line":132},"80":{"name":"(anonymous_80)","decl":{"start":{"line":133,"column":44},"end":{"line":133,"column":47}},"loc":{"start":{"line":133,"column":81},"end":{"line":133,"column":81}},"line":133},"81":{"name":"(anonymous_81)","decl":{"start":{"line":134,"column":44},"end":{"line":134,"column":47}},"loc":{"start":{"line":134,"column":65},"end":{"line":134,"column":65}},"line":134},"82":{"name":"(anonymous_82)","decl":{"start":{"line":135,"column":43},"end":{"line":135,"column":46}},"loc":{"start":{"line":135,"column":74},"end":{"line":135,"column":98}},"line":135},"83":{"name":"(anonymous_83)","decl":{"start":{"line":136,"column":43},"end":{"line":136,"column":46}},"loc":{"start":{"line":136,"column":76},"end":{"line":136,"column":100}},"line":136},"84":{"name":"(anonymous_84)","decl":{"start":{"line":137,"column":42},"end":{"line":137,"column":45}},"loc":{"start":{"line":137,"column":64},"end":{"line":137,"column":64}},"line":137},"85":{"name":"(anonymous_85)","decl":{"start":{"line":138,"column":41},"end":{"line":138,"column":44}},"loc":{"start":{"line":138,"column":63},"end":{"line":138,"column":63}},"line":138},"86":{"name":"(anonymous_86)","decl":{"start":{"line":139,"column":51},"end":{"line":139,"column":54}},"loc":{"start":{"line":139,"column":88},"end":{"line":139,"column":88}},"line":139}},"branchMap":{"0":{"loc":{"start":{"line":166,"column":80},"end":{"line":166,"column":93}},"type":"binary-expr","locations":[{"start":{"line":166,"column":80},"end":{"line":166,"column":88}},{"start":{"line":166,"column":92},"end":{"line":166,"column":93}}],"line":166},"1":{"loc":{"start":{"line":168,"column":2},"end":{"line":168,"column":76}},"type":"if","locations":[{"start":{"line":168,"column":2},"end":{"line":168,"column":76}},{"start":{},"end":{}}],"line":168},"2":{"loc":{"start":{"line":169,"column":2},"end":{"line":169,"column":86}},"type":"if","locations":[{"start":{"line":169,"column":2},"end":{"line":169,"column":86}},{"start":{},"end":{}}],"line":169},"3":{"loc":{"start":{"line":188,"column":2},"end":{"line":190,"column":3}},"type":"if","locations":[{"start":{"line":188,"column":2},"end":{"line":190,"column":3}},{"start":{},"end":{}}],"line":188},"4":{"loc":{"start":{"line":211,"column":2},"end":{"line":211,"column":22}},"type":"if","locations":[{"start":{"line":211,"column":2},"end":{"line":211,"column":22}},{"start":{},"end":{}}],"line":211},"5":{"loc":{"start":{"line":224,"column":17},"end":{"line":224,"column":48}},"type":"cond-expr","locations":[{"start":{"line":224,"column":39},"end":{"line":224,"column":43}},{"start":{"line":224,"column":46},"end":{"line":224,"column":48}}],"line":224},"6":{"loc":{"start":{"line":229,"column":24},"end":{"line":229,"column":58}},"type":"if","locations":[{"start":{"line":229,"column":24},"end":{"line":229,"column":58}},{"start":{},"end":{}}],"line":229},"7":{"loc":{"start":{"line":236,"column":20},"end":{"line":236,"column":109}},"type":"cond-expr","locations":[{"start":{"line":236,"column":35},"end":{"line":236,"column":102}},{"start":{"line":236,"column":105},"end":{"line":236,"column":109}}],"line":236},"8":{"loc":{"start":{"line":238,"column":20},"end":{"line":238,"column":121}},"type":"cond-expr","locations":[{"start":{"line":238,"column":35},"end":{"line":238,"column":114}},{"start":{"line":238,"column":117},"end":{"line":238,"column":121}}],"line":238},"9":{"loc":{"start":{"line":239,"column":27},"end":{"line":239,"column":116}},"type":"cond-expr","locations":[{"start":{"line":239,"column":43},"end":{"line":239,"column":111}},{"start":{"line":239,"column":115},"end":{"line":239,"column":116}}],"line":239},"10":{"loc":{"start":{"line":249,"column":6},"end":{"line":249,"column":47}},"type":"if","locations":[{"start":{"line":249,"column":6},"end":{"line":249,"column":47}},{"start":{},"end":{}}],"line":249},"11":{"loc":{"start":{"line":251,"column":6},"end":{"line":251,"column":70}},"type":"if","locations":[{"start":{"line":251,"column":6},"end":{"line":251,"column":70}},{"start":{},"end":{}}],"line":251},"12":{"loc":{"start":{"line":258,"column":18},"end":{"line":258,"column":50}},"type":"binary-expr","locations":[{"start":{"line":258,"column":18},"end":{"line":258,"column":22}},{"sta
[...]
start":{"line":95,"column":35},"end":{"line":95,"column":36}},"loc":{"start":{"line":95,"column":41},"end":{"line":95,"column":43}},"line":95},"5":{"name":"(anonymous_5)","decl":{"start":{"line":98,"column":55},"end":{"line":98,"column":59}},"loc":{"start":{"line":98,"column":64},"end":{"line":100,"column":5}},"line":98},"6":{"name":"openCreate","decl":{"start":{"line":106,"column":9},"end":{"line":106,"column":19}},"loc":{"start":{"line":106,"column":22},"end":{"line":112,"column":1}},"line":106},"7":{"name":"openEdit","decl":{"start":{"line":114,"column":9},"end":{"line":114,"column":17}},"loc":{"start":{"line":114,"column":23},"end":{"line":120,"column":1}},"line":114},"8":{"name":"handleDelete","decl":{"start":{"line":122,"column":15},"end":{"line":122,"column":27}},"loc":{"start":{"line":122,"column":33},"end":{"line":129,"column":1}},"line":122},"9":{"name":"togglePin","decl":{"start":{"line":131,"column":9},"end":{"line":131,"column":18}},"loc":{"start":{"line":131,"column":24},"end":{"line":133,"column":1}},"line":131},"10":{"name":"(anonymous_10)","decl":{"start":{"line":135,"column":6},"end":{"line":135,"column":7}},"loc":{"start":{"line":135,"column":12},"end":{"line":135,"column":37}},"line":135},"11":{"name":"(anonymous_11)","decl":{"start":{"line":135,"column":39},"end":{"line":135,"column":40}},"loc":{"start":{"line":135,"column":48},"end":{"line":140,"column":1}},"line":135},"12":{"name":"(anonymous_12)","decl":{"start":{"line":136,"column":30},"end":{"line":136,"column":32}},"loc":{"start":{"line":136,"column":36},"end":{"line":139,"column":3}},"line":136},"13":{"name":"(anonymous_13)","decl":{"start":{"line":137,"column":39},"end":{"line":137,"column":40}},"loc":{"start":{"line":137,"column":44},"end":{"line":137,"column":55}},"line":137},"14":{"name":"submitDialog","decl":{"start":{"line":142,"column":15},"end":{"line":142,"column":27}},"loc":{"start":{"line":142,"column":30},"end":{"line":162,"column":1}},"line":142},"15":{"name":"(anonymous_15)","decl":{"start":{"line":149,"column":35},"end":{"line":149,"column":36}},"loc":{"start":{"line":149,"column":41},"end":{"line":149,"column":87}},"line":149},"16":{"name":"(anonymous_16)","decl":{"start":{"line":152,"column":49},"end":{"line":152,"column":50}},"loc":{"start":{"line":152,"column":54},"end":{"line":152,"column":81}},"line":152},"17":{"name":"(anonymous_17)","decl":{"start":{"line":5,"column":52},"end":{"line":5,"column":60}},"loc":{"start":{"line":5,"column":60},"end":{"line":5,"column":72}},"line":5},"18":{"name":"(anonymous_18)","decl":{"start":{"line":9,"column":6},"end":{"line":9,"column":23}},"loc":{"start":{"line":9,"column":59},"end":{"line":24,"column":89}},"line":9},"19":{"name":"(anonymous_19)","decl":{"start":{"line":13,"column":37},"end":{"line":13,"column":40}},"loc":{"start":{"line":13,"column":33},"end":{"line":13,"column":74}},"line":13},"20":{"name":"(anonymous_20)","decl":{"start":{"line":17,"column":10},"end":{"line":17,"column":19}},"loc":{"start":{"line":16,"column":33},"end":{"line":17,"column":103}},"line":16},"21":{"name":"(anonymous_21)","decl":{"start":{"line":17,"column":72},"end":{"line":17,"column":75}},"loc":{"start":{"line":17,"column":103},"end":{"line":17,"column":103}},"line":17},"22":{"name":"(anonymous_22)","decl":{"start":{"line":22,"column":10},"end":{"line":22,"column":21}},"loc":{"start":{"line":21,"column":33},"end":{"line":24,"column":89}},"line":21},"23":{"name":"(anonymous_23)","decl":{"start":{"line":22,"column":40},"end":{"line":22,"column":42}},"loc":{"start":{"line":22,"column":42},"end":{"line":22,"column":57}},"line":22},"24":{"name":"(anonymous_24)","decl":{"start":{"line":22,"column":57},"end":{"line":22,"column":59}},"loc":{"start":{"line":22,"column":59},"end":{"line":22,"column":71}},"line":22},"25":{"name":"(anonymous_25)","decl":{"start":{"line":23,"column":84},"end":{"line":23,"column":86}},"loc":{"start":{"line":23,"column":86},"end":{"line":23,"column":102}},"line":23},"26":{"name":"(anonymous_26)","decl":{"start":{"line":23,"column":102},"end":{"line":23,"column":104}},"loc":{"start":{"line":23,"column":104},"end":{"line":23,"column":116}},"line":23},"27":{"name":"(anonymous_27)","decl":{"start":{"line":24,"column":54},"end":{"line":24,"column":56}},"loc":{"start":{"line":24,"column":56},"end":{"line":24,"column":75}},"line":24},"28":{"name":"(anonymous_28)","decl":{"start":{"line":24,"column":75},"end":{"line":24,"column":77}},"loc":{"start":{"line":24,"column":77},"end":{"line":24,"column":89}},"line":24},"29":{"name":"(anonymous_29)","decl":{"start":{"line":29,"column":24},"end":{"line":29,"column":30}},"loc":{"start":{"line":29,"column":24},"end":{"line":29,"column":41}},"line":29},"30":{"name":"(anonymous_30)","decl":{"start":{"line":61,"column":8},"end":{"line":61,"column":20}},"loc":{"start":{"line":61,"column":65},"end":{"line":63,"column":43}},"line":61},"31":{"name":"(anonymous_31)","decl":{"start":{"line":61,"column":25},"end":{"line":61,"column":27}},"loc":{"start":{"line":61,"column":27},"end":{"line":61,"column":51}},"line":61},"32":{"name":"(anonymous_32)","decl":{"start":{"line":61,"column":51},"end":{"line":61,"column":53}},"loc":{"start":{"line":61,"column":53},"end":{"line":61,"column":65}},"line":61},"33":{"name":"(anonymous_33)","decl":{"start":{"line":63,"column":10},"end":{"line":63,"column":13}},"loc":{"start":{"line":63,"column":43},"end":{"line":63,"column":43}},"line":63},"34":{"name":"(anonymous_34)","decl":{"start":{"line":30,"column":6},"end":{"line":30,"column":16}},"loc":{"start":{"line":59,"column":16},"end":{"line":56,"column":null}},"line":59},"35":{"name":"(anonymous_35)","decl":{"start":{"line":31,"column":8},"end":{"line":31,"column":22}},"loc":{"start":{"line":33,"column":23},"end":{"line":56,"column":null}},"line":33},"36":{"name":"(anonymous_36)","decl":{"start":{"line":32,"column":10},"end":{"line":32,"column":29}},"loc":{"start":{"line":32,"column":73},"end":{"line":32,"column":73}},"line":32},"37":{"name":"(anonymous_37)","decl":{"start":{"line":32,"column":29},"end":{"line":32,"column":35}},"loc":{"start":{"line":32,"column":29},"end":{"line":32,"column":47}},"line":32},"38":{"name":"(anonymous_38)","decl":{"start":{"line":35,"column":10},"end":{"line":35,"column":29}},"loc":{"start":{"line":35,"column":109},"end":{"line":35,"column":109}},"line":35},"39":{"name":"(anonymous_39)","decl":{"start":{"line":35,"column":29},"end":{"line":35,"column":35}},"loc":{"start":{"line":35,"column":29},"end":{"line":35,"column":54}},"line":35},"40":{"name":"(anonymous_40)","decl":{"start":{"line":38,"column":10},"end":{"line":38,"column":null}},"loc":{"start":{"line":44,"column":12},"end":{"line":43,"column":null}},"line":44},"41":{"name":"(anonymous_41)","decl":{"start":{"line":39,"column":21},"end":{"line":39,"column":27}},"loc":{"start":{"line":39,"column":21},"end":{"line":39,"column":null}},"line":39},"42":{"name":"(anonymous_42)","decl":{"start":{"line":47,"column":10},"end":{"line":47,"column":21}},"loc":{"start":{"line":54,"column":21},"end":{"line":56,"column":null}},"line":54},"43":{"name":"(anonymous_43)","decl":{"start":{"line":48,"column":12},"end":{"line":48,"column":29}},"loc":{"start":{"line":48,"column":56},"end":{"line":51,"column":99}},"line":48},"44":{"name":"(anonymous_44)","decl":{"start":{"line":51,"column":16},"end":{"line":51,"column":42}},"loc":{"start":{"line":50,"column":39},"end":{"line":51,"column":99}},"line":50},"45":{"name":"(anonymous_45)","decl":{"start":{"line":51,"column":42},"end":{"line":51,"column":45}},"loc":{"start":{"line":51,"column":42},"end":{"line":51,"column":55}},"line":51}},"branchMap":{"0":{"loc":{"start":{"line":88,"column":79},"end":{"line":88,"column":92}},"type":"binary-expr","locations":[{"start":{"line":88,"column":79},"end":{"line":88,"column":87}},{"start":{"line":88,"column":91},"end":{"line":88,"column":92}}],"line":88},"1":{"loc":{"start":{"line":97,"column":20},"end":{"line":97,"column":45}},"type":"cond-expr","locations":[{"start":{"line":97,"column":39},"end":{"line":97,"column":40}},{"start":{"line":97,"column":43},"end":{"line":97,"column":45}}],"line":97},"2":{"loc":{"start":{"line":98,"column":24},"end":{"line":98,"column":49}},"type":"cond-expr","locations":[{"start":{"line":98,"column":43},"end":{"line":98,"column":44}},{"start":{"line":98,"column":47},"end":{"line":98,"column":49}}],"line":98},"3":{"loc":{"start":{"line":99,"column":43},"end":{"line":99,"column":63}},"type":"binary-expr","locations":[{"start":{"line":99,"column":43},"end":{"line":99,"column":52}},{"start":{"line":99,"column":56},"end":{"line":99,"column":63}}],"line":99},"4":{"loc":{"start":{"line":117,"column":47},"end":{"line":117,"column":68}},"type":"binary-expr","locations":[{"start":{"line":117,"column":47},"end":{"line":117,"column":62}},{"start":{"line":117,"column":66},"end":{"line":117,"column":68}}],"line":117},"5":{"loc":{"start":{"line":128,"column":16},"end":{"line":128,"column":43}},"type":"if","locations":[{"start":{"line":128,"column":16},"end":{"line":128,"column":43}},{"start":{},"end":{}}],"line":128},"6":{"loc":{"start":{"line":138,"column":23},"end":{"line":138,"column":40}},"type":"binary-expr","locations":[{"start":{"line":138,"column":23},"end":{"line":138,"column":34}},{"start":{"line":138,"column":38},"end":{"line":138,"column":40}}],"line":138},"7":{"loc":{"start":{"line":138,"column":50},"end":{"line":138,"column":104}},"type":"cond-expr","locations":[{"start":{"line":138,"column":63},"end":{"line":138,"column":100}},{"start":{"line":138,"column":103},"end":{"line":138,"column":104}}],"line":138},"8":{"loc":{"start":{"line":143,"column":2},"end":{"line":143,"column":68}},"type":"if","locations":[{"start":{"line":143,"column":2},"end":{"line":143,"column":68}},{"start":{},"end":{}}],"line":143},"9":{"loc":{"start":{"line":143,"column":6},"end":{"line":143,"column":60}},"type":"binary-expr","locations":[{"start":{"line":143,"column":6},"end":{"line":143,"column":23}},{"start":{"line":143,"column":27},"end":{"line":143,"column":60}}],"line":143},"10":{"loc":{"start":{"line":151,"column":4},"end":{"line":155,"column":5}},"type":"if","locations":[{"start":{"line":151,"column":4},"end":{"line":155,"column":5}},{"start":{"line":153,"column":11},"end":{"line":155,"column":5}}],"line":151},"11":{"loc":{"start":{"line":157,"column":22},"end":{"line":157,"column":51}},"type":"cond-expr","locations":[{"start":{"line":157,"column":38},"end":{"line":157,"column":43}},{"start":{"line":157,"column":46},"end":{"line":157,"column":51}}],"line":157},"12":{"loc":{"start":{"line":4,"column":6},"end":{"line":4,"column":21}},"type":"binary-expr","locations":[{"start":{"line":4,"column":6},"end":{"line":4,"column":10}},{"start":{"line":4,"column":6},"end":{"line":4,"column":21}}],"line":4},"13":{"loc":{"start":{"line":5,"column":60},"end":{"line":5,"column":72}},"type":"binary-expr","locations":[{"start":{"line":5,"column":60},"end":{"line":5,"column":72}},{"start":{"line":5,"column":60},"end":{"line":5,"column":72}}],"line":5},"14":{"loc":{"start":{"line":17,"column":25},"end":{"line":17,"column":59}},"type":"cond-expr","locations":[{"start":{"line":17,"column":36},"end":{"line":17,"column":59}},{"start":{"line":17,"column":36},"end":{"line":17,"column":59}}],"line":17},"15":{"loc":{"start":{"line":17,"column":75},"end":{"line":17,"column":103}},"type":"cond-expr","locations":[{"start":{"line":17,"column":86},"end":{"line":17,"column":103}},{"start":{"line":17,"column":86},"end":{"line":17,"column":103}}],"line":17},"16":{"loc":{"start":{"line":22,"column":59},"end":{"line":22,"column":71}},"type":"binary-expr","locations":[{"start":{"line":22,"column":59},"end":{"line":22,"column":71}},{"start":{"line":22,"column":59},"end":{"line":22,"column":71}}],"line":22},"17":{"loc":{"start":{"line":23,"column":41},"end":{"line":23,"column":79}},"type":"cond-expr","locations":[{"start":{"line":23,"column":52},"end":{"line":23,"column":79}},{"start":{"line":23,"column":52},"end":{"line":23,"column":79}}],"line":23},"18":{"loc":{"start":{"line":23,"column":104},"end":{"line":23,"column":116}},"type":"binary-expr","locations":[{"start":{"line":23,"column":104},"end":{"line":23,"column":116}},{"start":{"line":23,"column":104},"end":{"line":23,"column":116}}],"line":23},"19":{"loc":{"start":{"line":24,"column":77},"end":{"line":24,"column":89}},"type":"binary-expr","locations":[{"start":{"line":24,"column":77},"end":{"line":24,"column":89}},{"start":{"line":24,"column":77},"end":{"line":24,"column":89}}],"line":24},"20":{"loc":{"start":{"line":29,"column":24},"end":{"line":29,"column":41}},"type":"binary-expr","locations":[{"start":{"line":29,"column":24},"end":{"line":29,"column":30}},{"start":{"line":29,"column":24},"end":{"line":29,"column":41}}],"line":29},"21":{"loc":{"start":{"line":29,"column":48},"end":{"line":29,"column":85}},"type":"cond-expr","locations":[{"start":{"line":29,"column":61},"end":{"line":29,"column":85}},{"start":{"line":29,"column":61},"end":{"line":29,"column":85}}],"line":29},"22":{"loc":{"start":{"line":61,"column":25},"end":{"line":61,"column":51}},"type":"binary-expr","locations":[{"start":{"line":61,"column":25},"end":{"line":61,"column":27}},{"start":{"line":61,"column":25},"end":{"line":61,"column":51}}],"line":61},"23":{"loc":{"start":{"line":61,"column":53},"end":{"line":61,"column":65}},"type":"binary-expr","locations":[{"start":{"line":61,"column":53},"end":{"line":61,"column":65}},{"start":{"line":61,"column":53},"end":{"line":61,"column":65}}],"line":61},"24":{"loc":{"start":{"line":63,"column":13},"end":{"line":63,"column":43}},"type":"cond-expr","locations":[{"start":{"line":63,"column":26},"end":{"line":63,"column":43}},{"start":{"line":63,"column":26},"end":{"line":63,"column":43}}],"line":63},"25":{"loc":{"start":{"line":32,"column":29},"end":{"line":32,"column":47}},"type":"binary-expr","locations":[{"start":{"line":32,"column":29},"end":{"line":32,"column":35}},{"start":{"line":32,"column":29},"end":{"line":32,"column":47}}],"line":32},"26":{"loc":{"start":{"line":35,"column":29},"end":{"line":35,"column":54}},"type":"binary-expr","locations":[{"start":{"line":35,"column":29},"end":{"line":35,"column":35}},{"start":{"line":35,"column":29},"end":{"line":35,"column":54}}],"line":35},"27":{"loc":{"start":{"line":39,"column":21},"end":{"line":39,"column":null}},"type":"binary-expr","locations":[{"start":{"line":39,"column":21},"end":{"line":39,"column":27}},{"start":{"line":39,"column":21},"end":{"line":39,"column":null}}],"line":39},"28":{"loc":{"start":{"line":46,"column":41},"end":{"line":56,"column":null}},"type":"cond-expr","locations":[{"start":{"line":46,"column":8},"end":{"line":56,"column":null}}],"line":46},"29":{"loc":{"start":{"line":56,"column":36},"end":{"line":56,"column":null}},"type":"cond-expr","locations":[{"start":{"line":56,"column":45},"end":{"line":56,"column":null}},{"start":{"line":56,"column":45},"end":{"line":56,"column":null}}],"line":56}},"s":{"0":16,"1":16,"2":16,"3":16,"4":16,"5":1,"6":2,"7":21,"8":21,"9":21,"10":0,"11":0,"12":21,"13":21,"14":42,"15":21,"16":6,"17":6,"18":6,"19":6,"20":6,"21":2,"22":2,"23":2,"24":2,"25":2,"26":3,"27":3,"28":2,"29":2,"30":2,"31":1,"32":0,"33":1,"34":16,"35":24,"36":8,"37":8,"38":11,"39":8,"40":3,"41":0,"42":3,"43":3,"44":3,"45":4,"46":3,"47":1,"48":2,"49":2,"50":3,"51":3,"52":3,"53":3,"54":16,"55":1,"56":1,"57":1,"58":66,"59":0,"60":0,"61":0,"62":0,"63":0,"64":0,"65":0,"66":0,"67":0,"68":0,"69":0,"70":0,"71":0,"72":0,"73":0,"74":0,"75":0,"76":0,"77":0,"78":0,"79":0,"80":0,"81":0,"82":0,"83":0,"84":0,"85":0,"86":0,"87":0},"f":{"0":1,"1":2,"2":21,"3":0,"4":0,"5":42,"6":6,"7":2,"8":3,"9":1,"10":24,"11":8,"12":8,"13":11,"14":3,"15":4,"16":2,"17":0,"18":0,"19":0,"20":0,"21":0,"22":0,"23":0,"24":0,"25":0,"26":0,"27":0,"28":0,"29":0,"30":0,"31":0,"32":0,"33":0,"34":0,"35":0,"36":0,"37":0,"38":0,"39":0,"40":0,"41":0,"42":0,"43":0,"44":0,"45":0},"b":{"0":[2,0],"1":[21,0],"2":[21,0],"3":[42,0],"4":[2,1],"5":[0,1],"6":[8,0],"7":[8,0],"8":[0,3],"9":[3,3],"10":[1,2],"11":[1,2],"12":[66,16],"13":[0,0],"14":[0,0],"15":[0,0],"16":[0,0],"17":[0,0],"18":[0,0],"19":[0,0],"20":[66,16],"21":[4,62],"22":[0,0],"23":[0,0],"24":[0,0],"25":[0,0],"26":[0,0],"27":[0,0],"28":[0],"29":[0,0]},"meta":{"lastBranch":30,"lastFunction":46,"lastStatement":88,"seen":{"s:78:15:78:26":0,"s:79:15:79:23":1,"s:80:18:80:26":2,"s:81:14:86:2":3,"s:88:17:88:98":4,"f:88:27:88:28":0,"s:88:33:88:97":5,"f:88:58:88:59":1,"s:88:68:88:93":6,"b:88:79:88:87:88:91:88:92":0,"f:90:15:90:19":2,"s:91:2:91:22":7,"s:92:2:103:3":8,"s:93:19:96:6":9,"f:94:30:94:31":3,"s:94:36:94:38":10,"f:95:35:95:36":4,"s:95:41:95:43":11,"s:97:4:97:45":12,"b:97:39:97:40:97:43:97:45":1,"s:98:4:100:7":13,"b:98:43:98:44:98:47:98:49":2,"f:98:55:98:59":5,"s:98:64:100:5":14,"b:99:43:99:52:99:56:99:63":3,"s:102:4:102:25":15,"f:106:9:106:19":6,"s:107:2:107:23":16,"s:108:2:108:23":17,"s:109:2:109:45":18,"s:110:2:110:32":19,"s:111:2:111:24":20,"f:114:9:114:17":7,"s:115:2:115:22":21,"s:116:2:116:23":22,"s:117:2:117:70":23,"b:117:47:117:62:117:66:117:68":4,"s:118:2:118:32":24,"s:119:2:119:24":25,"f:122:15:122:27":8,"s:123:2:128:45":26,"s:124:4:124:85":27,"s:125:4:125:35":28,"s:126:4:126:28":29,"s:127:4:127:16":30,"b:128:16:128:43:undefined:undefined:undefined:undefined":5,"s:128:16:128:43":31,"s:128:36:128:43":32,"f:131:9:131:18":9,"s:132:2:132:26":33,"s:135:0:140:18":34,"f:135:6:135:7":10,"s:135:12:135:37":35,"f:135:39:135:40":11,"s:136:2:139:4":36,"f:136:30:136:32":12,"s:137:17:137:56":37,"f:137:39:137:40":13,"s:137:44:137:55":38,"s:138:4:138:106":39,"b:138:23:138:34:138:38:138:40":6,"b:138:63:138:100:138:103:138:104":7,"f:142:15:142:27":14,"b:143:2:143:68:undefined:undefined:undefined:undefined":8,"s:143:2:143:68":40,"b:143:6:143:23:143:27:143:60":9,"s:143:62:143:68":41,"s:144:2:144:22":42,"s:145:2:161:3":43,"s:146:20:150:5":44,"f:149:35:149:36":15,"s:149:41:149:87":45,"b:151:4:155:5:153:11:155:5":10,"s:151:4:155:5":46,"s:152:6:152:96":47,"f:152:49:152:50":16,"s:152:54:152:81":48,"s:154:6:154:38":49,"s:156:4:156:26":50,"s:157:4:157:52":51,"b:157:38:157:43:157:46:157:51":11,"s:158:4:158:16":52,"s:160:4:160:25":53,"s:164:0:164:15":54,"s:2:11:2:Infinity":55,"s:3:9:3:Infinity":56,"s:55:15:55:68":57,"s:2:2:56:Infinity":58,"b:4:6:4:10:4:6:4:21":12,"f:5:52:5:60":17,"s:5:60:5:72":59,"b:5:60:5:72:5:60:5:72":13,"f:9:6:9:23":18,"s:9:59:24:89":60,"f:13:37:13:40":19,"s:13:33:13:74":61,"f:17:10:17:19":20,"s:16:33:17:103":62,"b:17:36:17:59:17:36:17:59":14,"f:17:72:17:75":21,"s:17:103:17:103":63,"b:17:86:17:103:17:86:17:103":15,"f:22:10:22:21":22,"s:21:33:24:89":64,"f:22:40:22:42":23,"s:22:42:22:57":65,"f:22:57:22:59":24,"s:22:59:22:71":66,"b:22:59:22:71:22:59:22:71":16,"b:23:52:23:79:23:52:23:79":17,"f:23:84:23:86":25,"s:23:86:23:102":67,"f:23:102:23:104":26,"s:23:104:23:116":68,"b:23:104:23:116:23:104:23:116":18,"f:24:54:24:56":27,"s:24:56:24:75":69,"f:24:75:24:77":28,"s:24:77:24:89":70,"b:24:77:24:89:24:77:24:89":19,"b:29:24:29:30:29:24:29:41":20,"f:29:24:29:30":29,"s:29:24:29:41":71,"b:29:61:29:85:29:61:29:85":21,"f:61:8:61:20":30,"s:61:65:63:43":72,"b:61:25:61:27:61:25:61:51":22,"f:61:25:61:27":31,"s:61:27:61:51":73,"f:61:51:61:53":32,"s:61:53:61:65":74,"b:61:53:61:65:61:53:61:65":23,"f:63:10:63:13":33,"s:63:43:63:43":75,"b:63:26:63:43:63:26:63:43":24,"f:30:6:30:16":34,"s:59:16:56:Infinity":76,"f:31:8:31:22":35,"s:33:23:56:Infinity":77,"f:32:10:32:29":36,"s:32:73:32:73":78,"b:32:29:32:35:32:29:32:47":25,"f:32:29:32:35":37,"s:32:29:32:47":79,"f:35:10:35:29":38,"s:35:109:35:109":80,"b:35:29:35:35:35:29:35:54":26,"f:35:29:35:35":39,"s:35:29:35:54":81,"f:38:10:38:Infinity":40,"s:44:12:43:Infinity":82,"b:39:21:39:27:39:21:39:Infinity":27,"f:39:21:39:27":41,"s:39:21:39:Infinity":83,"b:46:8:56:Infinity":28,"f:47:10:47:21":42,"s:54:21:56:Infinity":84,"f:48:12:48:29":43,"s:48:56:51:99":85,"f:51:16:51:42":44,"s:50:39:51:99":86,"f:51:42:51:45":45,"s:51:42:51:55":87,"b:56:45:56:Infinity:56:45:56:Infinity":29},"fnNames":{}}}
}
